[ 2017-05-31T10:19:13+08:00 ] 127.0.0.1 /
INFO: [ app_init ] --START--
INFO: Run Behavior\BuildLiteBehavior [ RunTime:0.013000s ]
INFO: [ app_init ] --END-- [ RunTime:0.053003s ]
INFO: [ app_begin ] --START--
INFO: Run Behavior\ReadHtmlCacheBehavior [ RunTime:0.005001s ]
INFO: [ app_begin ] --END-- [ RunTime:0.005001s ]

[ 2017-05-31T10:19:14+08:00 ] 127.0.0.1 /Login/index.html
INFO: [ app_init ] --START--
INFO: Run Behavior\BuildLiteBehavior [ RunTime:0.000000s ]
INFO: [ app_init ] --END-- [ RunTime:0.018001s ]
INFO: [ app_begin ] --START--
INFO: Run Behavior\ReadHtmlCacheBehavior [ RunTime:0.000000s ]
INFO: [ app_begin ] --END-- [ RunTime:0.000000s ]
INFO: [ view_parse ] --START--
INFO: [ template_filter ] --START--
INFO: Run Behavior\ContentReplaceBehavior [ RunTime:0.006001s ]
INFO: [ template_filter ] --END-- [ RunTime:0.006001s ]
INFO: Run Behavior\ParseTemplateBehavior [ RunTime:0.078004s ]
INFO: [ view_parse ] --END-- [ RunTime:0.078004s ]
INFO: [ view_filter ] --START--
INFO: Run Behavior\WriteHtmlCacheBehavior [ RunTime:0.010001s ]
INFO: [ view_filter ] --END-- [ RunTime:0.010001s ]
INFO: [ app_end ] --START--
INFO: Run Behavior\ShowPageTraceBehavior [ RunTime:0.005000s ]
INFO: [ app_end ] --END-- [ RunTime:0.005000s ]

[ 2017-05-31T10:19:14+08:00 ] 127.0.0.1 /favicon.ico
INFO: [ app_init ] --START--
INFO: Run Behavior\BuildLiteBehavior [ RunTime:0.000000s ]
INFO: [ app_init ] --END-- [ RunTime:0.001000s ]

[ 2017-05-31T10:19:32+08:00 ] 127.0.0.1 /
INFO: [ app_init ] --START--
INFO: Run Behavior\BuildLiteBehavior [ RunTime:0.000000s ]
INFO: [ app_init ] --END-- [ RunTime:0.001000s ]
INFO: [ app_begin ] --START--
INFO: Run Behavior\ReadHtmlCacheBehavior [ RunTime:0.000000s ]
INFO: [ app_begin ] --END-- [ RunTime:0.000000s ]

[ 2017-05-31T10:19:32+08:00 ] 127.0.0.1 /Login/index.html
INFO: [ app_init ] --START--
INFO: Run Behavior\BuildLiteBehavior [ RunTime:0.000000s ]
INFO: [ app_init ] --END-- [ RunTime:0.000000s ]
INFO: [ app_begin ] --START--
INFO: Run Behavior\ReadHtmlCacheBehavior [ RunTime:0.000000s ]
INFO: [ app_begin ] --END-- [ RunTime:0.000000s ]
INFO: [ view_parse ] --START--
INFO: [ template_filter ] --START--
INFO: Run Behavior\ContentReplaceBehavior [ RunTime:0.000000s ]
INFO: [ template_filter ] --END-- [ RunTime:0.000000s ]
INFO: Run Behavior\ParseTemplateBehavior [ RunTime:0.004001s ]
INFO: [ view_parse ] --END-- [ RunTime:0.004001s ]
INFO: [ view_filter ] --START--
INFO: Run Behavior\WriteHtmlCacheBehavior [ RunTime:0.000000s ]
INFO: [ view_filter ] --END-- [ RunTime:0.000000s ]
INFO: [ app_end ] --START--
INFO: Run Behavior\ShowPageTraceBehavior [ RunTime:0.000000s ]
INFO: [ app_end ] --END-- [ RunTime:0.001000s ]

[ 2017-05-31T10:19:46+08:00 ] 127.0.0.1 /Home/Login/checkUser
INFO: [ app_init ] --START--
INFO: Run Behavior\BuildLiteBehavior [ RunTime:0.000000s ]
INFO: [ app_init ] --END-- [ RunTime:0.000000s ]
INFO: [ app_begin ] --START--
INFO: Run Behavior\ReadHtmlCacheBehavior [ RunTime:0.001000s ]
INFO: [ app_begin ] --END-- [ RunTime:0.001000s ]
SQL: SHOW COLUMNS FROM `crm_user` [ RunTime:0.0190s ]
NOTIC: [8] Undefined index: validate D:\websoft\web\CRM\ThinkPHP\Library\Think\Model.class.php 第 1185 行.
NOTIC: [8] Undefined index: auto D:\websoft\web\CRM\ThinkPHP\Library\Think\Model.class.php 第 1128 行.
SQL: SELECT `id`,`accounts`,`state` FROM `crm_user` WHERE `accounts` = 'admin' AND `password` = '7c4a8d09ca3762af61e59520943dc26494f8941b' LIMIT 1   [ RunTime:0.0000s ]
SQL: UPDATE `crm_user` SET `last_login_time`='2017-05-31 10:19:46',`last_login_ip`='127.0.0.1',`login_count`=login_count+1 WHERE `id` = 1 [ RunTime:0.0640s ]
INFO: [ app_end ] --START--
INFO: Run Behavior\ShowPageTraceBehavior [ RunTime:0.001000s ]
INFO: [ app_end ] --END-- [ RunTime:0.001000s ]

[ 2017-05-31T10:19:46+08:00 ] 127.0.0.1 /Index/index.html
INFO: [ app_init ] --START--
INFO: Run Behavior\BuildLiteBehavior [ RunTime:0.000000s ]
INFO: [ app_init ] --END-- [ RunTime:0.000000s ]
INFO: [ app_begin ] --START--
INFO: Run Behavior\ReadHtmlCacheBehavior [ RunTime:0.000000s ]
INFO: [ app_begin ] --END-- [ RunTime:0.000000s ]
INFO: [ view_parse ] --START--
INFO: [ template_filter ] --START--
INFO: Run Behavior\ContentReplaceBehavior [ RunTime:0.000000s ]
INFO: [ template_filter ] --END-- [ RunTime:0.000000s ]
INFO: Run Behavior\ParseTemplateBehavior [ RunTime:0.016001s ]
INFO: [ view_parse ] --END-- [ RunTime:0.016001s ]
INFO: [ view_filter ] --START--
INFO: Run Behavior\WriteHtmlCacheBehavior [ RunTime:0.001000s ]
INFO: [ view_filter ] --END-- [ RunTime:0.001000s ]
INFO: [ app_end ] --START--
INFO: Run Behavior\ShowPageTraceBehavior [ RunTime:0.000000s ]
INFO: [ app_end ] --END-- [ RunTime:0.000000s ]

[ 2017-05-31T10:19:47+08:00 ] 127.0.0.1 /Home/Index/getNav
INFO: [ app_init ] --START--
INFO: Run Behavior\BuildLiteBehavior [ RunTime:0.000000s ]
INFO: [ app_init ] --END-- [ RunTime:0.000000s ]
INFO: [ app_begin ] --START--
INFO: Run Behavior\ReadHtmlCacheBehavior [ RunTime:0.000000s ]
INFO: [ app_begin ] --END-- [ RunTime:0.000000s ]
SQL: SHOW COLUMNS FROM `crm_nav` [ RunTime:0.0910s ]
SQL: SELECT `id`,`text`,`url`,`iconCls`,`nid` FROM `crm_nav`  [ RunTime:0.0010s ]

[ 2017-05-31T10:19:49+08:00 ] 127.0.0.1 /Home/Product/index?_=1496197186515
INFO: [ app_init ] --START--
INFO: Run Behavior\BuildLiteBehavior [ RunTime:0.000000s ]
INFO: [ app_init ] --END-- [ RunTime:0.000000s ]
INFO: [ app_begin ] --START--
INFO: Run Behavior\ReadHtmlCacheBehavior [ RunTime:0.000000s ]
INFO: [ app_begin ] --END-- [ RunTime:0.000000s ]
INFO: [ view_parse ] --START--
INFO: [ template_filter ] --START--
INFO: Run Behavior\ContentReplaceBehavior [ RunTime:0.000000s ]
INFO: [ template_filter ] --END-- [ RunTime:0.000000s ]
INFO: Run Behavior\ParseTemplateBehavior [ RunTime:0.061004s ]
INFO: [ view_parse ] --END-- [ RunTime:0.061004s ]
INFO: [ view_filter ] --START--
INFO: Run Behavior\WriteHtmlCacheBehavior [ RunTime:0.001000s ]
INFO: [ view_filter ] --END-- [ RunTime:0.001000s ]
INFO: [ app_end ] --START--
INFO: Run Behavior\ShowPageTraceBehavior [ RunTime:0.001000s ]
INFO: [ app_end ] --END-- [ RunTime:0.001000s ]

[ 2017-05-31T10:19:50+08:00 ] 127.0.0.1 /Home/product/getList
INFO: [ app_init ] --START--
INFO: Run Behavior\BuildLiteBehavior [ RunTime:0.000000s ]
INFO: [ app_init ] --END-- [ RunTime:0.000000s ]
INFO: [ app_begin ] --START--
INFO: Run Behavior\ReadHtmlCacheBehavior [ RunTime:0.000000s ]
INFO: [ app_begin ] --END-- [ RunTime:0.000000s ]
SQL: SHOW COLUMNS FROM `crm_product` [ RunTime:0.0240s ]
NOTIC: [8] Undefined variable: keywords_map D:\websoft\web\CRM\App\Home\Model\ProductModel.class.php 第 18 行.
SQL: SELECT `id`,`name`,`sn`,`type`,`pro_price`,`sell_price`,`unit`,`inventory`,`create_time` FROM `crm_product` ORDER BY `create_time` DESC LIMIT 0,20   [ RunTime:0.0000s ]
SQL: SELECT COUNT(*) AS tp_count FROM `crm_product` LIMIT 1   [ RunTime:0.0000s ]

[ 2017-05-31T10:20:03+08:00 ] 127.0.0.1 /Home/product/getOne
INFO: [ app_init ] --START--
INFO: Run Behavior\BuildLiteBehavior [ RunTime:0.000000s ]
INFO: [ app_init ] --END-- [ RunTime:0.000000s ]
INFO: [ app_begin ] --START--
INFO: Run Behavior\ReadHtmlCacheBehavior [ RunTime:0.000000s ]
INFO: [ app_begin ] --END-- [ RunTime:0.000000s ]
SQL: SHOW COLUMNS FROM `crm_post` [ RunTime:0.0350s ]
SQL: SELECT `id`,`name` FROM `crm_post` WHERE `id` = 0 LIMIT 1   [ RunTime:0.0000s ]

[ 2017-05-31T10:28:11+08:00 ] 127.0.0.1 /Home/product/register
INFO: [ app_init ] --START--
INFO: Run Behavior\BuildLiteBehavior [ RunTime:0.000000s ]
INFO: [ app_init ] --END-- [ RunTime:0.001000s ]
INFO: [ app_begin ] --START--
INFO: Run Behavior\ReadHtmlCacheBehavior [ RunTime:0.000000s ]
INFO: [ app_begin ] --END-- [ RunTime:0.000000s ]
SQL: SHOW COLUMNS FROM `crm_product` [ RunTime:0.0030s ]
NOTIC: [8] Undefined index: validate D:\websoft\web\CRM\ThinkPHP\Library\Think\Model.class.php 第 1185 行.
NOTIC: [8] Undefined index: auto D:\websoft\web\CRM\ThinkPHP\Library\Think\Model.class.php 第 1128 行.
SQL: INSERT INTO `crm_product` (`name`,`sn`,`type`,`pro_price`,`sell_price`,`unit`,`inventory_alarm`,`create_time`) VALUES ('','','','','','','0','2017-05-31 10:28:11') [ RunTime:0.0660s ]
INFO: [ app_end ] --START--
INFO: Run Behavior\ShowPageTraceBehavior [ RunTime:0.001000s ]
INFO: [ app_end ] --END-- [ RunTime:0.001000s ]

[ 2017-05-31T10:28:11+08:00 ] 127.0.0.1 /Home/product/getList
INFO: [ app_init ] --START--
INFO: Run Behavior\BuildLiteBehavior [ RunTime:0.000000s ]
INFO: [ app_init ] --END-- [ RunTime:0.000000s ]
INFO: [ app_begin ] --START--
INFO: Run Behavior\ReadHtmlCacheBehavior [ RunTime:0.000000s ]
INFO: [ app_begin ] --END-- [ RunTime:0.001001s ]
SQL: SHOW COLUMNS FROM `crm_product` [ RunTime:0.0030s ]
NOTIC: [8] Undefined variable: keywords_map D:\websoft\web\CRM\App\Home\Model\ProductModel.class.php 第 18 行.
SQL: SELECT `id`,`name`,`sn`,`type`,`pro_price`,`sell_price`,`unit`,`inventory`,`create_time` FROM `crm_product` ORDER BY `create_time` DESC LIMIT 0,20   [ RunTime:0.0010s ]
SQL: SELECT COUNT(*) AS tp_count FROM `crm_product` LIMIT 1   [ RunTime:0.0000s ]

[ 2017-05-31T10:33:07+08:00 ] 127.0.0.1 /Index/index.html
INFO: [ app_init ] --START--
INFO: Run Behavior\BuildLiteBehavior [ RunTime:0.000000s ]
INFO: [ app_init ] --END-- [ RunTime:0.000000s ]
INFO: [ app_begin ] --START--
INFO: Run Behavior\ReadHtmlCacheBehavior [ RunTime:0.000000s ]
INFO: [ app_begin ] --END-- [ RunTime:0.000000s ]
INFO: [ view_parse ] --START--
INFO: [ template_filter ] --START--
INFO: Run Behavior\ContentReplaceBehavior [ RunTime:0.000000s ]
INFO: [ template_filter ] --END-- [ RunTime:0.000000s ]
INFO: Run Behavior\ParseTemplateBehavior [ RunTime:0.011001s ]
INFO: [ view_parse ] --END-- [ RunTime:0.011001s ]
INFO: [ view_filter ] --START--
INFO: Run Behavior\WriteHtmlCacheBehavior [ RunTime:0.001000s ]
INFO: [ view_filter ] --END-- [ RunTime:0.001000s ]
INFO: [ app_end ] --START--
INFO: Run Behavior\ShowPageTraceBehavior [ RunTime:0.000000s ]
INFO: [ app_end ] --END-- [ RunTime:0.000000s ]

[ 2017-05-31T10:33:08+08:00 ] 127.0.0.1 /Home/Index/getNav
INFO: [ app_init ] --START--
INFO: Run Behavior\BuildLiteBehavior [ RunTime:0.000000s ]
INFO: [ app_init ] --END-- [ RunTime:0.000000s ]
INFO: [ app_begin ] --START--
INFO: Run Behavior\ReadHtmlCacheBehavior [ RunTime:0.001000s ]
INFO: [ app_begin ] --END-- [ RunTime:0.001000s ]
SQL: SHOW COLUMNS FROM `crm_nav` [ RunTime:0.0030s ]
SQL: SELECT `id`,`text`,`url`,`iconCls`,`nid` FROM `crm_nav`  [ RunTime:0.0000s ]

[ 2017-05-31T10:33:35+08:00 ] 127.0.0.1 /Home/Product/index?_=1496197988275
INFO: [ app_init ] --START--
INFO: Run Behavior\BuildLiteBehavior [ RunTime:0.000000s ]
INFO: [ app_init ] --END-- [ RunTime:0.001000s ]
INFO: [ app_begin ] --START--
INFO: Run Behavior\ReadHtmlCacheBehavior [ RunTime:0.000000s ]
INFO: [ app_begin ] --END-- [ RunTime:0.001000s ]
INFO: [ view_parse ] --START--
INFO: [ template_filter ] --START--
INFO: Run Behavior\ContentReplaceBehavior [ RunTime:0.000000s ]
INFO: [ template_filter ] --END-- [ RunTime:0.000000s ]
INFO: Run Behavior\ParseTemplateBehavior [ RunTime:0.017001s ]
INFO: [ view_parse ] --END-- [ RunTime:0.017001s ]
INFO: [ view_filter ] --START--
INFO: Run Behavior\WriteHtmlCacheBehavior [ RunTime:0.000000s ]
INFO: [ view_filter ] --END-- [ RunTime:0.000000s ]
INFO: [ app_end ] --START--
INFO: Run Behavior\ShowPageTraceBehavior [ RunTime:0.000000s ]
INFO: [ app_end ] --END-- [ RunTime:0.000000s ]

[ 2017-05-31T10:33:36+08:00 ] 127.0.0.1 /Home/product/getList
INFO: [ app_init ] --START--
INFO: Run Behavior\BuildLiteBehavior [ RunTime:0.000000s ]
INFO: [ app_init ] --END-- [ RunTime:0.000000s ]
INFO: [ app_begin ] --START--
INFO: Run Behavior\ReadHtmlCacheBehavior [ RunTime:0.000000s ]
INFO: [ app_begin ] --END-- [ RunTime:0.000000s ]
SQL: SHOW COLUMNS FROM `crm_product` [ RunTime:0.0030s ]
NOTIC: [8] Undefined variable: keywords_map D:\websoft\web\CRM\App\Home\Model\ProductModel.class.php 第 18 行.
SQL: SELECT `id`,`name`,`sn`,`type`,`pro_price`,`sell_price`,`unit`,`inventory`,`create_time` FROM `crm_product` ORDER BY `create_time` DESC LIMIT 0,20   [ RunTime:0.0000s ]
SQL: SELECT COUNT(*) AS tp_count FROM `crm_product` LIMIT 1   [ RunTime:0.0000s ]

[ 2017-05-31T10:34:35+08:00 ] 127.0.0.1 /Home/product/register
INFO: [ app_init ] --START--
INFO: Run Behavior\BuildLiteBehavior [ RunTime:0.000000s ]
INFO: [ app_init ] --END-- [ RunTime:0.000000s ]
INFO: [ app_begin ] --START--
INFO: Run Behavior\ReadHtmlCacheBehavior [ RunTime:0.011001s ]
INFO: [ app_begin ] --END-- [ RunTime:0.012001s ]
SQL: SHOW COLUMNS FROM `crm_product` [ RunTime:0.0210s ]
NOTIC: [8] Undefined index: validate D:\websoft\web\CRM\ThinkPHP\Library\Think\Model.class.php 第 1185 行.
NOTIC: [8] Undefined index: auto D:\websoft\web\CRM\ThinkPHP\Library\Think\Model.class.php 第 1128 行.
SQL: INSERT INTO `crm_product` (`name`,`sn`,`type`,`pro_price`,`sell_price`,`unit`,`inventory_alarm`,`create_time`) VALUES ('nike 2017夏季新款男包','10003','男包','300','500','个','10','2017-05-31 10:34:35') [ RunTime:0.0280s ]
SQL: SHOW COLUMNS FROM `crm_product_extend` [ RunTime:0.0020s ]
SQL: INSERT INTO `crm_product_extend` (`product_id`,`details`) VALUES ('4','nike 2017夏季新款男包') [ RunTime:0.0180s ]
INFO: [ app_end ] --START--
INFO: Run Behavior\ShowPageTraceBehavior [ RunTime:0.000000s ]
INFO: [ app_end ] --END-- [ RunTime:0.001000s ]

[ 2017-05-31T10:34:35+08:00 ] 127.0.0.1 /Home/product/getList
INFO: [ app_init ] --START--
INFO: Run Behavior\BuildLiteBehavior [ RunTime:0.000000s ]
INFO: [ app_init ] --END-- [ RunTime:0.001000s ]
INFO: [ app_begin ] --START--
INFO: Run Behavior\ReadHtmlCacheBehavior [ RunTime:0.001000s ]
INFO: [ app_begin ] --END-- [ RunTime:0.001000s ]
SQL: SHOW COLUMNS FROM `crm_product` [ RunTime:0.0030s ]
NOTIC: [8] Undefined variable: keywords_map D:\websoft\web\CRM\App\Home\Model\ProductModel.class.php 第 18 行.
SQL: SELECT `id`,`name`,`sn`,`type`,`pro_price`,`sell_price`,`unit`,`inventory`,`create_time` FROM `crm_product` ORDER BY `create_time` DESC LIMIT 0,20   [ RunTime:0.0000s ]
SQL: SELECT COUNT(*) AS tp_count FROM `crm_product` LIMIT 1   [ RunTime:0.0000s ]

[ 2017-05-31T10:48:53+08:00 ] 127.0.0.1 /Index/index.html
INFO: [ app_init ] --START--
INFO: Run Behavior\BuildLiteBehavior [ RunTime:0.000000s ]
INFO: [ app_init ] --END-- [ RunTime:0.000000s ]
INFO: [ app_begin ] --START--
INFO: Run Behavior\ReadHtmlCacheBehavior [ RunTime:0.001000s ]
INFO: [ app_begin ] --END-- [ RunTime:0.001000s ]
INFO: [ view_parse ] --START--
INFO: [ template_filter ] --START--
INFO: Run Behavior\ContentReplaceBehavior [ RunTime:0.000000s ]
INFO: [ template_filter ] --END-- [ RunTime:0.000000s ]
INFO: Run Behavior\ParseTemplateBehavior [ RunTime:0.040002s ]
INFO: [ view_parse ] --END-- [ RunTime:0.040002s ]
INFO: [ view_filter ] --START--
INFO: Run Behavior\WriteHtmlCacheBehavior [ RunTime:0.011001s ]
INFO: [ view_filter ] --END-- [ RunTime:0.011001s ]
INFO: [ app_end ] --START--
INFO: Run Behavior\ShowPageTraceBehavior [ RunTime:0.001000s ]
INFO: [ app_end ] --END-- [ RunTime:0.001000s ]

[ 2017-05-31T10:48:54+08:00 ] 127.0.0.1 /Home/Index/getNav
INFO: [ app_init ] --START--
INFO: Run Behavior\BuildLiteBehavior [ RunTime:0.000000s ]
INFO: [ app_init ] --END-- [ RunTime:0.000000s ]
INFO: [ app_begin ] --START--
INFO: Run Behavior\ReadHtmlCacheBehavior [ RunTime:0.000000s ]
INFO: [ app_begin ] --END-- [ RunTime:0.000000s ]
SQL: SHOW COLUMNS FROM `crm_nav` [ RunTime:0.0030s ]
SQL: SELECT `id`,`text`,`url`,`iconCls`,`nid` FROM `crm_nav`  [ RunTime:0.0000s ]

[ 2017-05-31T10:48:56+08:00 ] 127.0.0.1 /Home/Product/index?_=1496198933820
INFO: [ app_init ] --START--
INFO: Run Behavior\BuildLiteBehavior [ RunTime:0.000000s ]
INFO: [ app_init ] --END-- [ RunTime:0.000000s ]
INFO: [ app_begin ] --START--
INFO: Run Behavior\ReadHtmlCacheBehavior [ RunTime:0.001000s ]
INFO: [ app_begin ] --END-- [ RunTime:0.001000s ]
INFO: [ view_parse ] --START--
INFO: [ template_filter ] --START--
INFO: Run Behavior\ContentReplaceBehavior [ RunTime:0.000000s ]
INFO: [ template_filter ] --END-- [ RunTime:0.000000s ]
INFO: Run Behavior\ParseTemplateBehavior [ RunTime:0.035002s ]
INFO: [ view_parse ] --END-- [ RunTime:0.035002s ]
INFO: [ view_filter ] --START--
INFO: Run Behavior\WriteHtmlCacheBehavior [ RunTime:0.001000s ]
INFO: [ view_filter ] --END-- [ RunTime:0.001000s ]
INFO: [ app_end ] --START--
INFO: Run Behavior\ShowPageTraceBehavior [ RunTime:0.000000s ]
INFO: [ app_end ] --END-- [ RunTime:0.000000s ]

[ 2017-05-31T10:48:57+08:00 ] 127.0.0.1 /Home/product/getList
INFO: [ app_init ] --START--
INFO: Run Behavior\BuildLiteBehavior [ RunTime:0.000000s ]
INFO: [ app_init ] --END-- [ RunTime:0.000000s ]
INFO: [ app_begin ] --START--
INFO: Run Behavior\ReadHtmlCacheBehavior [ RunTime:0.000000s ]
INFO: [ app_begin ] --END-- [ RunTime:0.000000s ]
SQL: SHOW COLUMNS FROM `crm_product` [ RunTime:0.0030s ]
NOTIC: [8] Undefined variable: keywords_map D:\websoft\web\CRM\App\Home\Model\ProductModel.class.php 第 18 行.
SQL: SELECT `id`,`name`,`sn`,`type`,`pro_price`,`sell_price`,`unit`,`inventory`,`create_time` FROM `crm_product` ORDER BY `create_time` DESC LIMIT 0,20   [ RunTime:0.0000s ]
SQL: SELECT COUNT(*) AS tp_count FROM `crm_product` LIMIT 1   [ RunTime:0.0000s ]

[ 2017-05-31T10:48:59+08:00 ] 127.0.0.1 /Home/product/getOne
INFO: [ app_init ] --START--
INFO: Run Behavior\BuildLiteBehavior [ RunTime:0.000000s ]
INFO: [ app_init ] --END-- [ RunTime:0.000000s ]
INFO: [ app_begin ] --START--
INFO: Run Behavior\ReadHtmlCacheBehavior [ RunTime:0.001000s ]
INFO: [ app_begin ] --END-- [ RunTime:0.001000s ]
SQL: SHOW COLUMNS FROM `crm_post` [ RunTime:0.0020s ]
SQL: SELECT `id`,`name` FROM `crm_post` WHERE `id` = 0 LIMIT 1   [ RunTime:0.0000s ]

[ 2017-05-31T10:50:28+08:00 ] 127.0.0.1 /Index/index.html
INFO: [ app_init ] --START--
INFO: Run Behavior\BuildLiteBehavior [ RunTime:0.000000s ]
INFO: [ app_init ] --END-- [ RunTime:0.000000s ]
INFO: [ app_begin ] --START--
INFO: Run Behavior\ReadHtmlCacheBehavior [ RunTime:0.000000s ]
INFO: [ app_begin ] --END-- [ RunTime:0.000000s ]
INFO: [ view_parse ] --START--
INFO: [ template_filter ] --START--
INFO: Run Behavior\ContentReplaceBehavior [ RunTime:0.000000s ]
INFO: [ template_filter ] --END-- [ RunTime:0.001000s ]
INFO: Run Behavior\ParseTemplateBehavior [ RunTime:0.005000s ]
INFO: [ view_parse ] --END-- [ RunTime:0.005000s ]
INFO: [ view_filter ] --START--
INFO: Run Behavior\WriteHtmlCacheBehavior [ RunTime:0.000000s ]
INFO: [ view_filter ] --END-- [ RunTime:0.000000s ]
INFO: [ app_end ] --START--
INFO: Run Behavior\ShowPageTraceBehavior [ RunTime:0.001000s ]
INFO: [ app_end ] --END-- [ RunTime:0.001000s ]

[ 2017-05-31T10:50:28+08:00 ] 127.0.0.1 /Home/Index/getNav
INFO: [ app_init ] --START--
INFO: Run Behavior\BuildLiteBehavior [ RunTime:0.000000s ]
INFO: [ app_init ] --END-- [ RunTime:0.001000s ]
INFO: [ app_begin ] --START--
INFO: Run Behavior\ReadHtmlCacheBehavior [ RunTime:0.001000s ]
INFO: [ app_begin ] --END-- [ RunTime:0.001000s ]
SQL: SHOW COLUMNS FROM `crm_nav` [ RunTime:0.0030s ]
SQL: SELECT `id`,`text`,`url`,`iconCls`,`nid` FROM `crm_nav`  [ RunTime:0.0000s ]

[ 2017-05-31T10:50:34+08:00 ] 127.0.0.1 /Home/Product/index?_=1496199028294
INFO: [ app_init ] --START--
INFO: Run Behavior\BuildLiteBehavior [ RunTime:0.000000s ]
INFO: [ app_init ] --END-- [ RunTime:0.000000s ]
INFO: [ app_begin ] --START--
INFO: Run Behavior\ReadHtmlCacheBehavior [ RunTime:0.000000s ]
INFO: [ app_begin ] --END-- [ RunTime:0.001000s ]
INFO: [ view_parse ] --START--
INFO: [ template_filter ] --START--
INFO: Run Behavior\ContentReplaceBehavior [ RunTime:0.000000s ]
INFO: [ template_filter ] --END-- [ RunTime:0.000000s ]
INFO: Run Behavior\ParseTemplateBehavior [ RunTime:0.005000s ]
INFO: [ view_parse ] --END-- [ RunTime:0.005000s ]
INFO: [ view_filter ] --START--
INFO: Run Behavior\WriteHtmlCacheBehavior [ RunTime:0.000000s ]
INFO: [ view_filter ] --END-- [ RunTime:0.000000s ]
INFO: [ app_end ] --START--
INFO: Run Behavior\ShowPageTraceBehavior [ RunTime:0.000000s ]
INFO: [ app_end ] --END-- [ RunTime:0.000000s ]

[ 2017-05-31T10:50:35+08:00 ] 127.0.0.1 /Home/product/getList
INFO: [ app_init ] --START--
INFO: Run Behavior\BuildLiteBehavior [ RunTime:0.000000s ]
INFO: [ app_init ] --END-- [ RunTime:0.000000s ]
INFO: [ app_begin ] --START--
INFO: Run Behavior\ReadHtmlCacheBehavior [ RunTime:0.000000s ]
INFO: [ app_begin ] --END-- [ RunTime:0.000000s ]
SQL: SHOW COLUMNS FROM `crm_product` [ RunTime:0.0030s ]
NOTIC: [8] Undefined variable: keywords_map D:\websoft\web\CRM\App\Home\Model\ProductModel.class.php 第 18 行.
SQL: SELECT `id`,`name`,`sn`,`type`,`pro_price`,`sell_price`,`unit`,`inventory`,`create_time` FROM `crm_product` ORDER BY `create_time` DESC LIMIT 0,20   [ RunTime:0.0000s ]
SQL: SELECT COUNT(*) AS tp_count FROM `crm_product` LIMIT 1   [ RunTime:0.0000s ]

[ 2017-05-31T10:50:42+08:00 ] 127.0.0.1 /Home/product/getOne
INFO: [ app_init ] --START--
INFO: Run Behavior\BuildLiteBehavior [ RunTime:0.000000s ]
INFO: [ app_init ] --END-- [ RunTime:0.000000s ]
INFO: [ app_begin ] --START--
INFO: Run Behavior\ReadHtmlCacheBehavior [ RunTime:0.000000s ]
INFO: [ app_begin ] --END-- [ RunTime:0.000000s ]
SQL: SHOW COLUMNS FROM `crm_post` [ RunTime:0.0030s ]
SQL: SELECT `id`,`name` FROM `crm_post` WHERE `id` = 0 LIMIT 1   [ RunTime:0.0010s ]

[ 2017-05-31T11:09:32+08:00 ] 127.0.0.1 /Index/index.html
INFO: [ app_init ] --START--
INFO: Run Behavior\BuildLiteBehavior [ RunTime:0.000000s ]
INFO: [ app_init ] --END-- [ RunTime:0.000000s ]
INFO: [ app_begin ] --START--
INFO: Run Behavior\ReadHtmlCacheBehavior [ RunTime:0.000000s ]
INFO: [ app_begin ] --END-- [ RunTime:0.000000s ]
INFO: [ view_parse ] --START--
INFO: [ template_filter ] --START--
INFO: Run Behavior\ContentReplaceBehavior [ RunTime:0.000000s ]
INFO: [ template_filter ] --END-- [ RunTime:0.000000s ]
INFO: Run Behavior\ParseTemplateBehavior [ RunTime:0.011001s ]
INFO: [ view_parse ] --END-- [ RunTime:0.011001s ]
INFO: [ view_filter ] --START--
INFO: Run Behavior\WriteHtmlCacheBehavior [ RunTime:0.000000s ]
INFO: [ view_filter ] --END-- [ RunTime:0.000000s ]
INFO: [ app_end ] --START--
INFO: Run Behavior\ShowPageTraceBehavior [ RunTime:0.000000s ]
INFO: [ app_end ] --END-- [ RunTime:0.000000s ]

[ 2017-05-31T11:09:33+08:00 ] 127.0.0.1 /Home/Index/getNav
INFO: [ app_init ] --START--
INFO: Run Behavior\BuildLiteBehavior [ RunTime:0.000000s ]
INFO: [ app_init ] --END-- [ RunTime:0.000000s ]
INFO: [ app_begin ] --START--
INFO: Run Behavior\ReadHtmlCacheBehavior [ RunTime:0.000000s ]
INFO: [ app_begin ] --END-- [ RunTime:0.000000s ]
SQL: SHOW COLUMNS FROM `crm_nav` [ RunTime:0.0030s ]
SQL: SELECT `id`,`text`,`url`,`iconCls`,`nid` FROM `crm_nav`  [ RunTime:0.0000s ]

[ 2017-05-31T11:09:43+08:00 ] 127.0.0.1 /Home/Product/index?_=1496200173100
INFO: [ app_init ] --START--
INFO: Run Behavior\BuildLiteBehavior [ RunTime:0.000000s ]
INFO: [ app_init ] --END-- [ RunTime:0.000000s ]
INFO: [ app_begin ] --START--
INFO: Run Behavior\ReadHtmlCacheBehavior [ RunTime:0.001000s ]
INFO: [ app_begin ] --END-- [ RunTime:0.001000s ]
INFO: [ view_parse ] --START--
INFO: [ template_filter ] --START--
INFO: Run Behavior\ContentReplaceBehavior [ RunTime:0.000000s ]
INFO: [ template_filter ] --END-- [ RunTime:0.000000s ]
INFO: Run Behavior\ParseTemplateBehavior [ RunTime:0.004000s ]
INFO: [ view_parse ] --END-- [ RunTime:0.004000s ]
INFO: [ view_filter ] --START--
INFO: Run Behavior\WriteHtmlCacheBehavior [ RunTime:0.001000s ]
INFO: [ view_filter ] --END-- [ RunTime:0.001000s ]
INFO: [ app_end ] --START--
INFO: Run Behavior\ShowPageTraceBehavior [ RunTime:0.000000s ]
INFO: [ app_end ] --END-- [ RunTime:0.000000s ]

[ 2017-05-31T11:09:44+08:00 ] 127.0.0.1 /Home/product/getList
INFO: [ app_init ] --START--
INFO: Run Behavior\BuildLiteBehavior [ RunTime:0.000000s ]
INFO: [ app_init ] --END-- [ RunTime:0.001000s ]
INFO: [ app_begin ] --START--
INFO: Run Behavior\ReadHtmlCacheBehavior [ RunTime:0.001000s ]
INFO: [ app_begin ] --END-- [ RunTime:0.001000s ]
SQL: SHOW COLUMNS FROM `crm_product` [ RunTime:0.0030s ]
NOTIC: [8] Undefined variable: keywords_map D:\websoft\web\CRM\App\Home\Model\ProductModel.class.php 第 18 行.
SQL: SELECT `id`,`name`,`sn`,`type`,`pro_price`,`sell_price`,`unit`,`inventory`,`create_time` FROM `crm_product` ORDER BY `create_time` DESC LIMIT 0,20   [ RunTime:0.0000s ]
SQL: SELECT COUNT(*) AS tp_count FROM `crm_product` LIMIT 1   [ RunTime:0.0000s ]

[ 2017-05-31T11:09:53+08:00 ] 127.0.0.1 /Home/product/getOne
INFO: [ app_init ] --START--
INFO: Run Behavior\BuildLiteBehavior [ RunTime:0.000000s ]
INFO: [ app_init ] --END-- [ RunTime:0.001000s ]
INFO: [ app_begin ] --START--
INFO: Run Behavior\ReadHtmlCacheBehavior [ RunTime:0.001000s ]
INFO: [ app_begin ] --END-- [ RunTime:0.001000s ]
SQL: SHOW COLUMNS FROM `crm_product` [ RunTime:0.0030s ]
SQL: SELECT crm_product.id,crm_product.name,crm_product.sn,crm_product.type,crm_product.pro_price,crm_product.sell_price,crm_product.unit,crm_product.inventory,crm_product.inventory_alarm,crm_product_extend.details FROM `crm_product` left JOIN crm_product_extend on crm_product.id = crm_product_extend.product_id  WHERE crm_product.id = '' LIMIT 1   [ RunTime:0.0280s ]

[ 2017-05-31T11:10:00+08:00 ] 127.0.0.1 /Index/index.html
INFO: [ app_init ] --START--
INFO: Run Behavior\BuildLiteBehavior [ RunTime:0.000000s ]
INFO: [ app_init ] --END-- [ RunTime:0.000000s ]
INFO: [ app_begin ] --START--
INFO: Run Behavior\ReadHtmlCacheBehavior [ RunTime:0.000000s ]
INFO: [ app_begin ] --END-- [ RunTime:0.000000s ]
INFO: [ view_parse ] --START--
INFO: [ template_filter ] --START--
INFO: Run Behavior\ContentReplaceBehavior [ RunTime:0.000000s ]
INFO: [ template_filter ] --END-- [ RunTime:0.000000s ]
INFO: Run Behavior\ParseTemplateBehavior [ RunTime:0.005000s ]
INFO: [ view_parse ] --END-- [ RunTime:0.005000s ]
INFO: [ view_filter ] --START--
INFO: Run Behavior\WriteHtmlCacheBehavior [ RunTime:0.000000s ]
INFO: [ view_filter ] --END-- [ RunTime:0.000000s ]
INFO: [ app_end ] --START--
INFO: Run Behavior\ShowPageTraceBehavior [ RunTime:0.001000s ]
INFO: [ app_end ] --END-- [ RunTime:0.001000s ]

[ 2017-05-31T11:10:00+08:00 ] 127.0.0.1 /Home/Index/getNav
INFO: [ app_init ] --START--
INFO: Run Behavior\BuildLiteBehavior [ RunTime:0.000000s ]
INFO: [ app_init ] --END-- [ RunTime:0.000000s ]
INFO: [ app_begin ] --START--
INFO: Run Behavior\ReadHtmlCacheBehavior [ RunTime:0.001000s ]
INFO: [ app_begin ] --END-- [ RunTime:0.001000s ]
SQL: SHOW COLUMNS FROM `crm_nav` [ RunTime:0.0030s ]
SQL: SELECT `id`,`text`,`url`,`iconCls`,`nid` FROM `crm_nav`  [ RunTime:0.0010s ]

[ 2017-05-31T11:10:02+08:00 ] 127.0.0.1 /Home/Product/index?_=1496200200337
INFO: [ app_init ] --START--
INFO: Run Behavior\BuildLiteBehavior [ RunTime:0.000000s ]
INFO: [ app_init ] --END-- [ RunTime:0.001000s ]
INFO: [ app_begin ] --START--
INFO: Run Behavior\ReadHtmlCacheBehavior [ RunTime:0.000000s ]
INFO: [ app_begin ] --END-- [ RunTime:0.001000s ]
INFO: [ view_parse ] --START--
INFO: [ template_filter ] --START--
INFO: Run Behavior\ContentReplaceBehavior [ RunTime:0.000000s ]
INFO: [ template_filter ] --END-- [ RunTime:0.000000s ]
INFO: Run Behavior\ParseTemplateBehavior [ RunTime:0.004000s ]
INFO: [ view_parse ] --END-- [ RunTime:0.004000s ]
INFO: [ view_filter ] --START--
INFO: Run Behavior\WriteHtmlCacheBehavior [ RunTime:0.000000s ]
INFO: [ view_filter ] --END-- [ RunTime:0.000000s ]
INFO: [ app_end ] --START--
INFO: Run Behavior\ShowPageTraceBehavior [ RunTime:0.001000s ]
INFO: [ app_end ] --END-- [ RunTime:0.001000s ]

[ 2017-05-31T11:10:03+08:00 ] 127.0.0.1 /Home/product/getList
INFO: [ app_init ] --START--
INFO: Run Behavior\BuildLiteBehavior [ RunTime:0.000000s ]
INFO: [ app_init ] --END-- [ RunTime:0.000000s ]
INFO: [ app_begin ] --START--
INFO: Run Behavior\ReadHtmlCacheBehavior [ RunTime:0.000000s ]
INFO: [ app_begin ] --END-- [ RunTime:0.000000s ]
SQL: SHOW COLUMNS FROM `crm_product` [ RunTime:0.0030s ]
NOTIC: [8] Undefined variable: keywords_map D:\websoft\web\CRM\App\Home\Model\ProductModel.class.php 第 18 行.
SQL: SELECT `id`,`name`,`sn`,`type`,`pro_price`,`sell_price`,`unit`,`inventory`,`create_time` FROM `crm_product` ORDER BY `create_time` DESC LIMIT 0,20   [ RunTime:0.0000s ]
SQL: SELECT COUNT(*) AS tp_count FROM `crm_product` LIMIT 1   [ RunTime:0.0000s ]

[ 2017-05-31T11:10:13+08:00 ] 127.0.0.1 /Home/product/getOne
INFO: [ app_init ] --START--
INFO: Run Behavior\BuildLiteBehavior [ RunTime:0.000000s ]
INFO: [ app_init ] --END-- [ RunTime:0.000000s ]
INFO: [ app_begin ] --START--
INFO: Run Behavior\ReadHtmlCacheBehavior [ RunTime:0.001000s ]
INFO: [ app_begin ] --END-- [ RunTime:0.001000s ]
SQL: SHOW COLUMNS FROM `crm_product` [ RunTime:0.0030s ]
SQL: SELECT crm_product.id,crm_product.name,crm_product.sn,crm_product.type,crm_product.pro_price,crm_product.sell_price,crm_product.unit,crm_product.inventory,crm_product.inventory_alarm,crm_product_extend.details FROM `crm_product` left JOIN crm_product_extend on crm_product.id = crm_product_extend.product_id  WHERE crm_product.id = '' LIMIT 1   [ RunTime:0.0000s ]

[ 2017-05-31T11:10:32+08:00 ] 127.0.0.1 /Index/index.html
INFO: [ app_init ] --START--
INFO: Run Behavior\BuildLiteBehavior [ RunTime:0.000000s ]
INFO: [ app_init ] --END-- [ RunTime:0.000000s ]
INFO: [ app_begin ] --START--
INFO: Run Behavior\ReadHtmlCacheBehavior [ RunTime:0.001000s ]
INFO: [ app_begin ] --END-- [ RunTime:0.001000s ]
INFO: [ view_parse ] --START--
INFO: [ template_filter ] --START--
INFO: Run Behavior\ContentReplaceBehavior [ RunTime:0.000000s ]
INFO: [ template_filter ] --END-- [ RunTime:0.000000s ]
INFO: Run Behavior\ParseTemplateBehavior [ RunTime:0.003000s ]
INFO: [ view_parse ] --END-- [ RunTime:0.003000s ]
INFO: [ view_filter ] --START--
INFO: Run Behavior\WriteHtmlCacheBehavior [ RunTime:0.001001s ]
INFO: [ view_filter ] --END-- [ RunTime:0.001001s ]
INFO: [ app_end ] --START--
INFO: Run Behavior\ShowPageTraceBehavior [ RunTime:0.000000s ]
INFO: [ app_end ] --END-- [ RunTime:0.000000s ]

[ 2017-05-31T11:10:33+08:00 ] 127.0.0.1 /Home/Index/getNav
INFO: [ app_init ] --START--
INFO: Run Behavior\BuildLiteBehavior [ RunTime:0.000000s ]
INFO: [ app_init ] --END-- [ RunTime:0.000000s ]
INFO: [ app_begin ] --START--
INFO: Run Behavior\ReadHtmlCacheBehavior [ RunTime:0.001000s ]
INFO: [ app_begin ] --END-- [ RunTime:0.001000s ]
SQL: SHOW COLUMNS FROM `crm_nav` [ RunTime:0.0030s ]
SQL: SELECT `id`,`text`,`url`,`iconCls`,`nid` FROM `crm_nav`  [ RunTime:0.0000s ]

[ 2017-05-31T11:10:36+08:00 ] 127.0.0.1 /Home/Product/index?_=1496200233037
INFO: [ app_init ] --START--
INFO: Run Behavior\BuildLiteBehavior [ RunTime:0.000000s ]
INFO: [ app_init ] --END-- [ RunTime:0.000000s ]
INFO: [ app_begin ] --START--
INFO: Run Behavior\ReadHtmlCacheBehavior [ RunTime:0.001000s ]
INFO: [ app_begin ] --END-- [ RunTime:0.001000s ]
INFO: [ view_parse ] --START--
INFO: [ template_filter ] --START--
INFO: Run Behavior\ContentReplaceBehavior [ RunTime:0.001000s ]
INFO: [ template_filter ] --END-- [ RunTime:0.001000s ]
INFO: Run Behavior\ParseTemplateBehavior [ RunTime:0.004000s ]
INFO: [ view_parse ] --END-- [ RunTime:0.004000s ]
INFO: [ view_filter ] --START--
INFO: Run Behavior\WriteHtmlCacheBehavior [ RunTime:0.000000s ]
INFO: [ view_filter ] --END-- [ RunTime:0.000000s ]
INFO: [ app_end ] --START--
INFO: Run Behavior\ShowPageTraceBehavior [ RunTime:0.001000s ]
INFO: [ app_end ] --END-- [ RunTime:0.001000s ]

[ 2017-05-31T11:10:37+08:00 ] 127.0.0.1 /Home/product/getList
INFO: [ app_init ] --START--
INFO: Run Behavior\BuildLiteBehavior [ RunTime:0.000000s ]
INFO: [ app_init ] --END-- [ RunTime:0.000000s ]
INFO: [ app_begin ] --START--
INFO: Run Behavior\ReadHtmlCacheBehavior [ RunTime:0.001000s ]
INFO: [ app_begin ] --END-- [ RunTime:0.001000s ]
SQL: SHOW COLUMNS FROM `crm_product` [ RunTime:0.0030s ]
NOTIC: [8] Undefined variable: keywords_map D:\websoft\web\CRM\App\Home\Model\ProductModel.class.php 第 18 行.
SQL: SELECT `id`,`name`,`sn`,`type`,`pro_price`,`sell_price`,`unit`,`inventory`,`create_time` FROM `crm_product` ORDER BY `create_time` DESC LIMIT 0,20   [ RunTime:0.0000s ]
SQL: SELECT COUNT(*) AS tp_count FROM `crm_product` LIMIT 1   [ RunTime:0.0000s ]

[ 2017-05-31T11:10:40+08:00 ] 127.0.0.1 /Home/product/getOne
INFO: [ app_init ] --START--
INFO: Run Behavior\BuildLiteBehavior [ RunTime:0.000000s ]
INFO: [ app_init ] --END-- [ RunTime:0.000000s ]
INFO: [ app_begin ] --START--
INFO: Run Behavior\ReadHtmlCacheBehavior [ RunTime:0.000000s ]
INFO: [ app_begin ] --END-- [ RunTime:0.000000s ]
SQL: SHOW COLUMNS FROM `crm_product` [ RunTime:0.0030s ]
SQL: SELECT crm_product.id,crm_product.name,crm_product.sn,crm_product.type,crm_product.pro_price,crm_product.sell_price,crm_product.unit,crm_product.inventory,crm_product.inventory_alarm,crm_product_extend.details FROM `crm_product` left JOIN crm_product_extend on crm_product.id = crm_product_extend.product_id  WHERE crm_product.id = '4' LIMIT 1   [ RunTime:0.0130s ]

[ 2017-05-31T11:11:05+08:00 ] 127.0.0.1 /Home/product/update
INFO: [ app_init ] --START--
INFO: Run Behavior\BuildLiteBehavior [ RunTime:0.000000s ]
INFO: [ app_init ] --END-- [ RunTime:0.000000s ]
INFO: [ app_begin ] --START--
INFO: Run Behavior\ReadHtmlCacheBehavior [ RunTime:0.000000s ]
INFO: [ app_begin ] --END-- [ RunTime:0.000000s ]
SQL: SHOW COLUMNS FROM `crm_post` [ RunTime:0.0030s ]
NOTIC: [8] Undefined index: validate D:\websoft\web\CRM\ThinkPHP\Library\Think\Model.class.php 第 1185 行.
SQL: SELECT * FROM `crm_post` WHERE `name` = 'nike 2017夏季新款男包' AND `id` <> '4' LIMIT 1   [ RunTime:0.0170s ]
NOTIC: [8] Undefined index: auto D:\websoft\web\CRM\ThinkPHP\Library\Think\Model.class.php 第 1128 行.
SQL: UPDATE `crm_post` SET `name`='nike 2017夏季新款男包' WHERE `id` = 4 [ RunTime:0.0200s ]
INFO: [ app_end ] --START--
INFO: Run Behavior\ShowPageTraceBehavior [ RunTime:0.001000s ]
INFO: [ app_end ] --END-- [ RunTime:0.001000s ]

[ 2017-05-31T11:11:05+08:00 ] 127.0.0.1 /Home/product/getList
INFO: [ app_init ] --START--
INFO: Run Behavior\BuildLiteBehavior [ RunTime:0.000000s ]
INFO: [ app_init ] --END-- [ RunTime:0.000000s ]
INFO: [ app_begin ] --START--
INFO: Run Behavior\ReadHtmlCacheBehavior [ RunTime:0.000000s ]
INFO: [ app_begin ] --END-- [ RunTime:0.000000s ]
SQL: SHOW COLUMNS FROM `crm_product` [ RunTime:0.0030s ]
NOTIC: [8] Undefined variable: keywords_map D:\websoft\web\CRM\App\Home\Model\ProductModel.class.php 第 18 行.
SQL: SELECT `id`,`name`,`sn`,`type`,`pro_price`,`sell_price`,`unit`,`inventory`,`create_time` FROM `crm_product` ORDER BY `create_time` DESC LIMIT 0,20   [ RunTime:0.0000s ]
SQL: SELECT COUNT(*) AS tp_count FROM `crm_product` LIMIT 1   [ RunTime:0.0000s ]

[ 2017-05-31T11:11:28+08:00 ] 127.0.0.1 /Home/product/getOne
INFO: [ app_init ] --START--
INFO: Run Behavior\BuildLiteBehavior [ RunTime:0.000000s ]
INFO: [ app_init ] --END-- [ RunTime:0.000000s ]
INFO: [ app_begin ] --START--
INFO: Run Behavior\ReadHtmlCacheBehavior [ RunTime:0.001000s ]
INFO: [ app_begin ] --END-- [ RunTime:0.001000s ]
SQL: SHOW COLUMNS FROM `crm_product` [ RunTime:0.0030s ]
SQL: SELECT crm_product.id,crm_product.name,crm_product.sn,crm_product.type,crm_product.pro_price,crm_product.sell_price,crm_product.unit,crm_product.inventory,crm_product.inventory_alarm,crm_product_extend.details FROM `crm_product` left JOIN crm_product_extend on crm_product.id = crm_product_extend.product_id  WHERE crm_product.id = '4' LIMIT 1   [ RunTime:0.0000s ]

[ 2017-05-31T11:28:14+08:00 ] 127.0.0.1 /Index/index.html
INFO: [ app_init ] --START--
INFO: Run Behavior\BuildLiteBehavior [ RunTime:0.000000s ]
INFO: [ app_init ] --END-- [ RunTime:0.001000s ]
INFO: [ app_begin ] --START--
INFO: Run Behavior\ReadHtmlCacheBehavior [ RunTime:0.001000s ]
INFO: [ app_begin ] --END-- [ RunTime:0.001000s ]
INFO: [ view_parse ] --START--
INFO: [ template_filter ] --START--
INFO: Run Behavior\ContentReplaceBehavior [ RunTime:0.000000s ]
INFO: [ template_filter ] --END-- [ RunTime:0.000000s ]
INFO: Run Behavior\ParseTemplateBehavior [ RunTime:0.023002s ]
INFO: [ view_parse ] --END-- [ RunTime:0.023002s ]
INFO: [ view_filter ] --START--
INFO: Run Behavior\WriteHtmlCacheBehavior [ RunTime:0.000000s ]
INFO: [ view_filter ] --END-- [ RunTime:0.000000s ]
INFO: [ app_end ] --START--
INFO: Run Behavior\ShowPageTraceBehavior [ RunTime:0.001000s ]
INFO: [ app_end ] --END-- [ RunTime:0.001000s ]

[ 2017-05-31T11:28:15+08:00 ] 127.0.0.1 /Home/Index/getNav
INFO: [ app_init ] --START--
INFO: Run Behavior\BuildLiteBehavior [ RunTime:0.000000s ]
INFO: [ app_init ] --END-- [ RunTime:0.000000s ]
INFO: [ app_begin ] --START--
INFO: Run Behavior\ReadHtmlCacheBehavior [ RunTime:0.000000s ]
INFO: [ app_begin ] --END-- [ RunTime:0.000000s ]
SQL: SHOW COLUMNS FROM `crm_nav` [ RunTime:0.0020s ]
SQL: SELECT `id`,`text`,`url`,`iconCls`,`nid` FROM `crm_nav`  [ RunTime:0.0000s ]

[ 2017-05-31T11:28:53+08:00 ] 127.0.0.1 /Home/Product/index?_=1496201295169
INFO: [ app_init ] --START--
INFO: Run Behavior\BuildLiteBehavior [ RunTime:0.000000s ]
INFO: [ app_init ] --END-- [ RunTime:0.000000s ]
INFO: [ app_begin ] --START--
INFO: Run Behavior\ReadHtmlCacheBehavior [ RunTime:0.000000s ]
INFO: [ app_begin ] --END-- [ RunTime:0.000000s ]
INFO: [ view_parse ] --START--
INFO: [ template_filter ] --START--
INFO: Run Behavior\ContentReplaceBehavior [ RunTime:0.001000s ]
INFO: [ template_filter ] --END-- [ RunTime:0.001000s ]
INFO: Run Behavior\ParseTemplateBehavior [ RunTime:0.005001s ]
INFO: [ view_parse ] --END-- [ RunTime:0.005001s ]
INFO: [ view_filter ] --START--
INFO: Run Behavior\WriteHtmlCacheBehavior [ RunTime:0.001000s ]
INFO: [ view_filter ] --END-- [ RunTime:0.001000s ]
INFO: [ app_end ] --START--
INFO: Run Behavior\ShowPageTraceBehavior [ RunTime:0.000000s ]
INFO: [ app_end ] --END-- [ RunTime:0.000000s ]

[ 2017-05-31T11:28:54+08:00 ] 127.0.0.1 /Home/product/getList
INFO: [ app_init ] --START--
INFO: Run Behavior\BuildLiteBehavior [ RunTime:0.000000s ]
INFO: [ app_init ] --END-- [ RunTime:0.000000s ]
INFO: [ app_begin ] --START--
INFO: Run Behavior\ReadHtmlCacheBehavior [ RunTime:0.001000s ]
INFO: [ app_begin ] --END-- [ RunTime:0.001000s ]
SQL: SHOW COLUMNS FROM `crm_product` [ RunTime:0.0030s ]
NOTIC: [8] Undefined variable: keywords_map D:\websoft\web\CRM\App\Home\Model\ProductModel.class.php 第 18 行.
SQL: SELECT `id`,`name`,`sn`,`type`,`pro_price`,`sell_price`,`unit`,`inventory`,`create_time` FROM `crm_product` ORDER BY `create_time` DESC LIMIT 0,20   [ RunTime:0.0000s ]
SQL: SELECT COUNT(*) AS tp_count FROM `crm_product` LIMIT 1   [ RunTime:0.0000s ]

[ 2017-05-31T11:28:57+08:00 ] 127.0.0.1 /Home/product/getOne
INFO: [ app_init ] --START--
INFO: Run Behavior\BuildLiteBehavior [ RunTime:0.001000s ]
INFO: [ app_init ] --END-- [ RunTime:0.001000s ]
INFO: [ app_begin ] --START--
INFO: Run Behavior\ReadHtmlCacheBehavior [ RunTime:0.000000s ]
INFO: [ app_begin ] --END-- [ RunTime:0.001000s ]
SQL: SHOW COLUMNS FROM `crm_product` [ RunTime:0.0030s ]
SQL: SELECT crm_product.id,crm_product.name,crm_product.sn,crm_product.type,crm_product.pro_price,crm_product.sell_price,crm_product.unit,crm_product.inventory,crm_product.inventory_alarm,crm_product_extend.details FROM `crm_product` left JOIN crm_product_extend on crm_product.id = crm_product_extend.product_id  WHERE crm_product.id = '4' LIMIT 1   [ RunTime:0.0000s ]

[ 2017-05-31T11:29:59+08:00 ] 127.0.0.1 /Public/easyui/jquery.min.js line 2 > eval
INFO: [ app_init ] --START--
INFO: Run Behavior\BuildLiteBehavior [ RunTime:0.000000s ]
INFO: [ app_init ] --END-- [ RunTime:0.000000s ]
INFO: [ app_begin ] --START--
INFO: Run Behavior\ReadHtmlCacheBehavior [ RunTime:0.000000s ]
INFO: [ app_begin ] --END-- [ RunTime:0.000000s ]

[ 2017-05-31T11:32:07+08:00 ] 127.0.0.1 /Index/index.html
INFO: [ app_init ] --START--
INFO: Run Behavior\BuildLiteBehavior [ RunTime:0.000000s ]
INFO: [ app_init ] --END-- [ RunTime:0.001000s ]
INFO: [ app_begin ] --START--
INFO: Run Behavior\ReadHtmlCacheBehavior [ RunTime:0.000000s ]
INFO: [ app_begin ] --END-- [ RunTime:0.000000s ]
INFO: [ view_parse ] --START--
INFO: [ template_filter ] --START--
INFO: Run Behavior\ContentReplaceBehavior [ RunTime:0.000000s ]
INFO: [ template_filter ] --END-- [ RunTime:0.000000s ]
INFO: Run Behavior\ParseTemplateBehavior [ RunTime:0.005000s ]
INFO: [ view_parse ] --END-- [ RunTime:0.005000s ]
INFO: [ view_filter ] --START--
INFO: Run Behavior\WriteHtmlCacheBehavior [ RunTime:0.000000s ]
INFO: [ view_filter ] --END-- [ RunTime:0.000000s ]
INFO: [ app_end ] --START--
INFO: Run Behavior\ShowPageTraceBehavior [ RunTime:0.000000s ]
INFO: [ app_end ] --END-- [ RunTime:0.000000s ]

[ 2017-05-31T11:32:09+08:00 ] 127.0.0.1 /Home/Index/getNav
INFO: [ app_init ] --START--
INFO: Run Behavior\BuildLiteBehavior [ RunTime:0.000000s ]
INFO: [ app_init ] --END-- [ RunTime:0.000000s ]
INFO: [ app_begin ] --START--
INFO: Run Behavior\ReadHtmlCacheBehavior [ RunTime:0.000000s ]
INFO: [ app_begin ] --END-- [ RunTime:0.000000s ]
SQL: SHOW COLUMNS FROM `crm_nav` [ RunTime:0.0030s ]
SQL: SELECT `id`,`text`,`url`,`iconCls`,`nid` FROM `crm_nav`  [ RunTime:0.0000s ]

[ 2017-05-31T11:32:12+08:00 ] 127.0.0.1 /Home/Product/index?_=1496201528556
INFO: [ app_init ] --START--
INFO: Run Behavior\BuildLiteBehavior [ RunTime:0.000000s ]
INFO: [ app_init ] --END-- [ RunTime:0.000000s ]
INFO: [ app_begin ] --START--
INFO: Run Behavior\ReadHtmlCacheBehavior [ RunTime:0.001000s ]
INFO: [ app_begin ] --END-- [ RunTime:0.001000s ]
INFO: [ view_parse ] --START--
INFO: [ template_filter ] --START--
INFO: Run Behavior\ContentReplaceBehavior [ RunTime:0.001000s ]
INFO: [ template_filter ] --END-- [ RunTime:0.001000s ]
INFO: Run Behavior\ParseTemplateBehavior [ RunTime:0.005000s ]
INFO: [ view_parse ] --END-- [ RunTime:0.005000s ]
INFO: [ view_filter ] --START--
INFO: Run Behavior\WriteHtmlCacheBehavior [ RunTime:0.000000s ]
INFO: [ view_filter ] --END-- [ RunTime:0.000000s ]
INFO: [ app_end ] --START--
INFO: Run Behavior\ShowPageTraceBehavior [ RunTime:0.001000s ]
INFO: [ app_end ] --END-- [ RunTime:0.001000s ]

[ 2017-05-31T11:32:13+08:00 ] 127.0.0.1 /Home/product/getList
INFO: [ app_init ] --START--
INFO: Run Behavior\BuildLiteBehavior [ RunTime:0.000000s ]
INFO: [ app_init ] --END-- [ RunTime:0.001000s ]
INFO: [ app_begin ] --START--
INFO: Run Behavior\ReadHtmlCacheBehavior [ RunTime:0.001000s ]
INFO: [ app_begin ] --END-- [ RunTime:0.001000s ]
SQL: SHOW COLUMNS FROM `crm_product` [ RunTime:0.0040s ]
NOTIC: [8] Undefined variable: keywords_map D:\websoft\web\CRM\App\Home\Model\ProductModel.class.php 第 18 行.
SQL: SELECT `id`,`name`,`sn`,`type`,`pro_price`,`sell_price`,`unit`,`inventory`,`create_time` FROM `crm_product` ORDER BY `create_time` DESC LIMIT 0,20   [ RunTime:0.0010s ]
SQL: SELECT COUNT(*) AS tp_count FROM `crm_product` LIMIT 1   [ RunTime:0.0000s ]

[ 2017-05-31T11:32:15+08:00 ] 127.0.0.1 /Home/product/getOne
INFO: [ app_init ] --START--
INFO: Run Behavior\BuildLiteBehavior [ RunTime:0.000000s ]
INFO: [ app_init ] --END-- [ RunTime:0.000000s ]
INFO: [ app_begin ] --START--
INFO: Run Behavior\ReadHtmlCacheBehavior [ RunTime:0.000000s ]
INFO: [ app_begin ] --END-- [ RunTime:0.000000s ]
SQL: SHOW COLUMNS FROM `crm_product` [ RunTime:0.0030s ]
SQL: SELECT crm_product.id,crm_product.name,crm_product.sn,crm_product.type,crm_product.pro_price,crm_product.sell_price,crm_product.unit,crm_product.inventory,crm_product.inventory_alarm,crm_product_extend.details FROM `crm_product` left JOIN crm_product_extend on crm_product.id = crm_product_extend.product_id  WHERE crm_product.id = '4' LIMIT 1   [ RunTime:0.0000s ]

[ 2017-05-31T11:32:25+08:00 ] 127.0.0.1 /Home/product/update
INFO: [ app_init ] --START--
INFO: Run Behavior\BuildLiteBehavior [ RunTime:0.000000s ]
INFO: [ app_init ] --END-- [ RunTime:0.000000s ]
INFO: [ app_begin ] --START--
INFO: Run Behavior\ReadHtmlCacheBehavior [ RunTime:0.000000s ]
INFO: [ app_begin ] --END-- [ RunTime:0.000000s ]
SQL: SHOW COLUMNS FROM `crm_product` [ RunTime:0.0040s ]
NOTIC: [8] Undefined index: validate D:\websoft\web\CRM\ThinkPHP\Library\Think\Model.class.php 第 1185 行.
NOTIC: [8] Undefined index: auto D:\websoft\web\CRM\ThinkPHP\Library\Think\Model.class.php 第 1128 行.
SQL: UPDATE `crm_product` SET `type`='男包',`pro_price`='300',`sell_price`='500',`unit`='个',`inventory`='0',`inventory_alarm`='10' WHERE `id` = 4 [ RunTime:0.0260s ]
ERR: 1146:Table 'crm.crm_extend_product' doesn't exist
 [ SQL语句 ] : SHOW COLUMNS FROM `crm_extend_product`
ERR: 1146:Table 'crm.crm_extend_product' doesn't exist
 [ SQL语句 ] : SHOW COLUMNS FROM `crm_extend_product`

[ 2017-05-31T11:36:32+08:00 ] 127.0.0.1 /Index/index.html
INFO: [ app_init ] --START--
INFO: Run Behavior\BuildLiteBehavior [ RunTime:0.000000s ]
INFO: [ app_init ] --END-- [ RunTime:0.002000s ]
INFO: [ app_begin ] --START--
INFO: Run Behavior\ReadHtmlCacheBehavior [ RunTime:0.009001s ]
INFO: [ app_begin ] --END-- [ RunTime:0.009001s ]
INFO: [ view_parse ] --START--
INFO: [ template_filter ] --START--
INFO: Run Behavior\ContentReplaceBehavior [ RunTime:0.001000s ]
INFO: [ template_filter ] --END-- [ RunTime:0.001000s ]
INFO: Run Behavior\ParseTemplateBehavior [ RunTime:0.052003s ]
INFO: [ view_parse ] --END-- [ RunTime:0.052003s ]
INFO: [ view_filter ] --START--
INFO: Run Behavior\WriteHtmlCacheBehavior [ RunTime:0.017001s ]
INFO: [ view_filter ] --END-- [ RunTime:0.017001s ]
INFO: [ app_end ] --START--
INFO: Run Behavior\ShowPageTraceBehavior [ RunTime:0.001000s ]
INFO: [ app_end ] --END-- [ RunTime:0.001000s ]

[ 2017-05-31T11:36:35+08:00 ] 127.0.0.1 /Home/Index/getNav
INFO: [ app_init ] --START--
INFO: Run Behavior\BuildLiteBehavior [ RunTime:0.000000s ]
INFO: [ app_init ] --END-- [ RunTime:0.000000s ]
INFO: [ app_begin ] --START--
INFO: Run Behavior\ReadHtmlCacheBehavior [ RunTime:0.001000s ]
INFO: [ app_begin ] --END-- [ RunTime:0.001000s ]
SQL: SHOW COLUMNS FROM `crm_nav` [ RunTime:0.0040s ]
SQL: SELECT `id`,`text`,`url`,`iconCls`,`nid` FROM `crm_nav`  [ RunTime:0.0000s ]

[ 2017-05-31T11:36:42+08:00 ] 127.0.0.1 /Home/Product/index?_=1496201794490
INFO: [ app_init ] --START--
INFO: Run Behavior\BuildLiteBehavior [ RunTime:0.000000s ]
INFO: [ app_init ] --END-- [ RunTime:0.000000s ]
INFO: [ app_begin ] --START--
INFO: Run Behavior\ReadHtmlCacheBehavior [ RunTime:0.000000s ]
INFO: [ app_begin ] --END-- [ RunTime:0.000000s ]
INFO: [ view_parse ] --START--
INFO: [ template_filter ] --START--
INFO: Run Behavior\ContentReplaceBehavior [ RunTime:0.000000s ]
INFO: [ template_filter ] --END-- [ RunTime:0.000000s ]
INFO: Run Behavior\ParseTemplateBehavior [ RunTime:0.018001s ]
INFO: [ view_parse ] --END-- [ RunTime:0.018001s ]
INFO: [ view_filter ] --START--
INFO: Run Behavior\WriteHtmlCacheBehavior [ RunTime:0.001000s ]
INFO: [ view_filter ] --END-- [ RunTime:0.001000s ]
INFO: [ app_end ] --START--
INFO: Run Behavior\ShowPageTraceBehavior [ RunTime:0.000000s ]
INFO: [ app_end ] --END-- [ RunTime:0.000000s ]

[ 2017-05-31T11:36:43+08:00 ] 127.0.0.1 /Home/product/getList
INFO: [ app_init ] --START--
INFO: Run Behavior\BuildLiteBehavior [ RunTime:0.000000s ]
INFO: [ app_init ] --END-- [ RunTime:0.001000s ]
INFO: [ app_begin ] --START--
INFO: Run Behavior\ReadHtmlCacheBehavior [ RunTime:0.000000s ]
INFO: [ app_begin ] --END-- [ RunTime:0.000000s ]
SQL: SHOW COLUMNS FROM `crm_product` [ RunTime:0.0030s ]
NOTIC: [8] Undefined variable: keywords_map D:\websoft\web\CRM\App\Home\Model\ProductModel.class.php 第 18 行.
SQL: SELECT `id`,`name`,`sn`,`type`,`pro_price`,`sell_price`,`unit`,`inventory`,`create_time` FROM `crm_product` ORDER BY `create_time` DESC LIMIT 0,20   [ RunTime:0.0010s ]
SQL: SELECT COUNT(*) AS tp_count FROM `crm_product` LIMIT 1   [ RunTime:0.0000s ]

[ 2017-05-31T11:36:46+08:00 ] 127.0.0.1 /Home/product/getOne
INFO: [ app_init ] --START--
INFO: Run Behavior\BuildLiteBehavior [ RunTime:0.000000s ]
INFO: [ app_init ] --END-- [ RunTime:0.000000s ]
INFO: [ app_begin ] --START--
INFO: Run Behavior\ReadHtmlCacheBehavior [ RunTime:0.000000s ]
INFO: [ app_begin ] --END-- [ RunTime:0.000000s ]
SQL: SHOW COLUMNS FROM `crm_product` [ RunTime:0.0030s ]
SQL: SELECT crm_product.id,crm_product.name,crm_product.sn,crm_product.type,crm_product.pro_price,crm_product.sell_price,crm_product.unit,crm_product.inventory,crm_product.inventory_alarm,crm_product_extend.details FROM `crm_product` left JOIN crm_product_extend on crm_product.id = crm_product_extend.product_id  WHERE crm_product.id = '4' LIMIT 1   [ RunTime:0.0000s ]

[ 2017-05-31T11:36:56+08:00 ] 127.0.0.1 /Home/product/update
INFO: [ app_init ] --START--
INFO: Run Behavior\BuildLiteBehavior [ RunTime:0.000000s ]
INFO: [ app_init ] --END-- [ RunTime:0.000000s ]
INFO: [ app_begin ] --START--
INFO: Run Behavior\ReadHtmlCacheBehavior [ RunTime:0.001000s ]
INFO: [ app_begin ] --END-- [ RunTime:0.001000s ]
SQL: SHOW COLUMNS FROM `crm_product` [ RunTime:0.0030s ]
NOTIC: [8] Undefined index: validate D:\websoft\web\CRM\ThinkPHP\Library\Think\Model.class.php 第 1185 行.
NOTIC: [8] Undefined index: auto D:\websoft\web\CRM\ThinkPHP\Library\Think\Model.class.php 第 1128 行.
SQL: UPDATE `crm_product` SET `type`='男包',`pro_price`='300',`sell_price`='500',`unit`='个',`inventory`='0',`inventory_alarm`='10' WHERE `id` = 4 [ RunTime:0.0330s ]
SQL: SHOW COLUMNS FROM `crm_product_extend` [ RunTime:0.0030s ]
INFO: [ app_end ] --START--
INFO: Run Behavior\ShowPageTraceBehavior [ RunTime:0.000000s ]
INFO: [ app_end ] --END-- [ RunTime:0.000000s ]

[ 2017-05-31T11:38:34+08:00 ] 127.0.0.1 /Index/index.html
INFO: [ app_init ] --START--
INFO: Run Behavior\BuildLiteBehavior [ RunTime:0.000000s ]
INFO: [ app_init ] --END-- [ RunTime:0.000000s ]
INFO: [ app_begin ] --START--
INFO: Run Behavior\ReadHtmlCacheBehavior [ RunTime:0.001000s ]
INFO: [ app_begin ] --END-- [ RunTime:0.001000s ]
INFO: [ view_parse ] --START--
INFO: [ template_filter ] --START--
INFO: Run Behavior\ContentReplaceBehavior [ RunTime:0.000000s ]
INFO: [ template_filter ] --END-- [ RunTime:0.000000s ]
INFO: Run Behavior\ParseTemplateBehavior [ RunTime:0.005000s ]
INFO: [ view_parse ] --END-- [ RunTime:0.005000s ]
INFO: [ view_filter ] --START--
INFO: Run Behavior\WriteHtmlCacheBehavior [ RunTime:0.000000s ]
INFO: [ view_filter ] --END-- [ RunTime:0.000000s ]
INFO: [ app_end ] --START--
INFO: Run Behavior\ShowPageTraceBehavior [ RunTime:0.001000s ]
INFO: [ app_end ] --END-- [ RunTime:0.001000s ]

[ 2017-05-31T11:38:36+08:00 ] 127.0.0.1 /Home/Index/getNav
INFO: [ app_init ] --START--
INFO: Run Behavior\BuildLiteBehavior [ RunTime:0.000000s ]
INFO: [ app_init ] --END-- [ RunTime:0.000000s ]
INFO: [ app_begin ] --START--
INFO: Run Behavior\ReadHtmlCacheBehavior [ RunTime:0.000000s ]
INFO: [ app_begin ] --END-- [ RunTime:0.000000s ]
SQL: SHOW COLUMNS FROM `crm_nav` [ RunTime:0.0030s ]
SQL: SELECT `id`,`text`,`url`,`iconCls`,`nid` FROM `crm_nav`  [ RunTime:0.0000s ]

[ 2017-05-31T11:38:39+08:00 ] 127.0.0.1 /Home/Product/index?_=1496201915169
INFO: [ app_init ] --START--
INFO: Run Behavior\BuildLiteBehavior [ RunTime:0.000000s ]
INFO: [ app_init ] --END-- [ RunTime:0.001000s ]
INFO: [ app_begin ] --START--
INFO: Run Behavior\ReadHtmlCacheBehavior [ RunTime:0.001000s ]
INFO: [ app_begin ] --END-- [ RunTime:0.001000s ]
INFO: [ view_parse ] --START--
INFO: [ template_filter ] --START--
INFO: Run Behavior\ContentReplaceBehavior [ RunTime:0.000000s ]
INFO: [ template_filter ] --END-- [ RunTime:0.000000s ]
INFO: Run Behavior\ParseTemplateBehavior [ RunTime:0.004000s ]
INFO: [ view_parse ] --END-- [ RunTime:0.005000s ]
INFO: [ view_filter ] --START--
INFO: Run Behavior\WriteHtmlCacheBehavior [ RunTime:0.000000s ]
INFO: [ view_filter ] --END-- [ RunTime:0.000000s ]
INFO: [ app_end ] --START--
INFO: Run Behavior\ShowPageTraceBehavior [ RunTime:0.000000s ]
INFO: [ app_end ] --END-- [ RunTime:0.000000s ]

[ 2017-05-31T11:38:40+08:00 ] 127.0.0.1 /Home/product/getList
INFO: [ app_init ] --START--
INFO: Run Behavior\BuildLiteBehavior [ RunTime:0.000000s ]
INFO: [ app_init ] --END-- [ RunTime:0.000000s ]
INFO: [ app_begin ] --START--
INFO: Run Behavior\ReadHtmlCacheBehavior [ RunTime:0.000000s ]
INFO: [ app_begin ] --END-- [ RunTime:0.000000s ]
SQL: SHOW COLUMNS FROM `crm_product` [ RunTime:0.0030s ]
NOTIC: [8] Undefined variable: keywords_map D:\websoft\web\CRM\App\Home\Model\ProductModel.class.php 第 18 行.
SQL: SELECT `id`,`name`,`sn`,`type`,`pro_price`,`sell_price`,`unit`,`inventory`,`create_time` FROM `crm_product` ORDER BY `create_time` DESC LIMIT 0,20   [ RunTime:0.0000s ]
SQL: SELECT COUNT(*) AS tp_count FROM `crm_product` LIMIT 1   [ RunTime:0.0010s ]

[ 2017-05-31T11:38:43+08:00 ] 127.0.0.1 /Home/product/getOne
INFO: [ app_init ] --START--
INFO: Run Behavior\BuildLiteBehavior [ RunTime:0.000000s ]
INFO: [ app_init ] --END-- [ RunTime:0.000000s ]
INFO: [ app_begin ] --START--
INFO: Run Behavior\ReadHtmlCacheBehavior [ RunTime:0.000000s ]
INFO: [ app_begin ] --END-- [ RunTime:0.000000s ]
SQL: SHOW COLUMNS FROM `crm_product` [ RunTime:0.0230s ]
SQL: SELECT crm_product.id,crm_product.name,crm_product.sn,crm_product.type,crm_product.pro_price,crm_product.sell_price,crm_product.unit,crm_product.inventory,crm_product.inventory_alarm,crm_product_extend.details FROM `crm_product` left JOIN crm_product_extend on crm_product.id = crm_product_extend.product_id  WHERE crm_product.id = '4' LIMIT 1   [ RunTime:0.0010s ]

[ 2017-05-31T11:38:52+08:00 ] 127.0.0.1 /Home/product/update
INFO: [ app_init ] --START--
INFO: Run Behavior\BuildLiteBehavior [ RunTime:0.000000s ]
INFO: [ app_init ] --END-- [ RunTime:0.000000s ]
INFO: [ app_begin ] --START--
INFO: Run Behavior\ReadHtmlCacheBehavior [ RunTime:0.000000s ]
INFO: [ app_begin ] --END-- [ RunTime:0.000000s ]
SQL: SHOW COLUMNS FROM `crm_product` [ RunTime:0.0030s ]
NOTIC: [8] Undefined index: validate D:\websoft\web\CRM\ThinkPHP\Library\Think\Model.class.php 第 1185 行.
NOTIC: [8] Undefined index: auto D:\websoft\web\CRM\ThinkPHP\Library\Think\Model.class.php 第 1128 行.
SQL: UPDATE `crm_product` SET `type`='男包',`pro_price`='300',`sell_price`='500',`unit`='个',`inventory`='0',`inventory_alarm`='10' WHERE `id` = 4 [ RunTime:0.0290s ]
SQL: SHOW COLUMNS FROM `crm_product_extend` [ RunTime:0.0030s ]
SQL: UPDATE `crm_product_extend` SET `details`='nike 2017夏季新款男包 只要998！&lt;br /&gt;' WHERE `product_id` = 4 [ RunTime:0.0380s ]
INFO: [ app_end ] --START--
INFO: Run Behavior\ShowPageTraceBehavior [ RunTime:0.000000s ]
INFO: [ app_end ] --END-- [ RunTime:0.000000s ]

[ 2017-05-31T11:38:52+08:00 ] 127.0.0.1 /Home/product/getList
INFO: [ app_init ] --START--
INFO: Run Behavior\BuildLiteBehavior [ RunTime:0.000000s ]
INFO: [ app_init ] --END-- [ RunTime:0.001000s ]
INFO: [ app_begin ] --START--
INFO: Run Behavior\ReadHtmlCacheBehavior [ RunTime:0.000000s ]
INFO: [ app_begin ] --END-- [ RunTime:0.000000s ]
SQL: SHOW COLUMNS FROM `crm_product` [ RunTime:0.0030s ]
NOTIC: [8] Undefined variable: keywords_map D:\websoft\web\CRM\App\Home\Model\ProductModel.class.php 第 18 行.
SQL: SELECT `id`,`name`,`sn`,`type`,`pro_price`,`sell_price`,`unit`,`inventory`,`create_time` FROM `crm_product` ORDER BY `create_time` DESC LIMIT 0,20   [ RunTime:0.0000s ]
SQL: SELECT COUNT(*) AS tp_count FROM `crm_product` LIMIT 1   [ RunTime:0.0000s ]

[ 2017-05-31T11:39:21+08:00 ] 127.0.0.1 /Index/index.html
INFO: [ app_init ] --START--
INFO: Run Behavior\BuildLiteBehavior [ RunTime:0.000000s ]
INFO: [ app_init ] --END-- [ RunTime:0.001000s ]
INFO: [ app_begin ] --START--
INFO: Run Behavior\ReadHtmlCacheBehavior [ RunTime:0.001001s ]
INFO: [ app_begin ] --END-- [ RunTime:0.001001s ]
INFO: [ view_parse ] --START--
INFO: [ template_filter ] --START--
INFO: Run Behavior\ContentReplaceBehavior [ RunTime:0.000000s ]
INFO: [ template_filter ] --END-- [ RunTime:0.000000s ]
INFO: Run Behavior\ParseTemplateBehavior [ RunTime:0.004000s ]
INFO: [ view_parse ] --END-- [ RunTime:0.004000s ]
INFO: [ view_filter ] --START--
INFO: Run Behavior\WriteHtmlCacheBehavior [ RunTime:0.000000s ]
INFO: [ view_filter ] --END-- [ RunTime:0.000000s ]
INFO: [ app_end ] --START--
INFO: Run Behavior\ShowPageTraceBehavior [ RunTime:0.000000s ]
INFO: [ app_end ] --END-- [ RunTime:0.000000s ]

[ 2017-05-31T11:39:21+08:00 ] 127.0.0.1 /Home/Index/getNav
INFO: [ app_init ] --START--
INFO: Run Behavior\BuildLiteBehavior [ RunTime:0.000000s ]
INFO: [ app_init ] --END-- [ RunTime:0.001000s ]
INFO: [ app_begin ] --START--
INFO: Run Behavior\ReadHtmlCacheBehavior [ RunTime:0.000000s ]
INFO: [ app_begin ] --END-- [ RunTime:0.000000s ]
SQL: SHOW COLUMNS FROM `crm_nav` [ RunTime:0.0030s ]
SQL: SELECT `id`,`text`,`url`,`iconCls`,`nid` FROM `crm_nav`  [ RunTime:0.0010s ]

[ 2017-05-31T11:39:23+08:00 ] 127.0.0.1 /Home/Product/index?_=1496201961417
INFO: [ app_init ] --START--
INFO: Run Behavior\BuildLiteBehavior [ RunTime:0.000000s ]
INFO: [ app_init ] --END-- [ RunTime:0.000000s ]
INFO: [ app_begin ] --START--
INFO: Run Behavior\ReadHtmlCacheBehavior [ RunTime:0.000000s ]
INFO: [ app_begin ] --END-- [ RunTime:0.000000s ]
INFO: [ view_parse ] --START--
INFO: [ template_filter ] --START--
INFO: Run Behavior\ContentReplaceBehavior [ RunTime:0.000000s ]
INFO: [ template_filter ] --END-- [ RunTime:0.000000s ]
INFO: Run Behavior\ParseTemplateBehavior [ RunTime:0.004000s ]
INFO: [ view_parse ] --END-- [ RunTime:0.004000s ]
INFO: [ view_filter ] --START--
INFO: Run Behavior\WriteHtmlCacheBehavior [ RunTime:0.000000s ]
INFO: [ view_filter ] --END-- [ RunTime:0.000000s ]
INFO: [ app_end ] --START--
INFO: Run Behavior\ShowPageTraceBehavior [ RunTime:0.000000s ]
INFO: [ app_end ] --END-- [ RunTime:0.000000s ]

[ 2017-05-31T11:39:23+08:00 ] 127.0.0.1 /Home/product/getList
INFO: [ app_init ] --START--
INFO: Run Behavior\BuildLiteBehavior [ RunTime:0.000000s ]
INFO: [ app_init ] --END-- [ RunTime:0.001000s ]
INFO: [ app_begin ] --START--
INFO: Run Behavior\ReadHtmlCacheBehavior [ RunTime:0.000000s ]
INFO: [ app_begin ] --END-- [ RunTime:0.000000s ]
SQL: SHOW COLUMNS FROM `crm_product` [ RunTime:0.0030s ]
NOTIC: [8] Undefined variable: keywords_map D:\websoft\web\CRM\App\Home\Model\ProductModel.class.php 第 18 行.
SQL: SELECT `id`,`name`,`sn`,`type`,`pro_price`,`sell_price`,`unit`,`inventory`,`create_time` FROM `crm_product` ORDER BY `create_time` DESC LIMIT 0,20   [ RunTime:0.0000s ]
SQL: SELECT COUNT(*) AS tp_count FROM `crm_product` LIMIT 1   [ RunTime:0.0000s ]

[ 2017-05-31T11:39:32+08:00 ] 127.0.0.1 /Home/product/getOne
INFO: [ app_init ] --START--
INFO: Run Behavior\BuildLiteBehavior [ RunTime:0.000000s ]
INFO: [ app_init ] --END-- [ RunTime:0.000000s ]
INFO: [ app_begin ] --START--
INFO: Run Behavior\ReadHtmlCacheBehavior [ RunTime:0.001000s ]
INFO: [ app_begin ] --END-- [ RunTime:0.001000s ]
SQL: SHOW COLUMNS FROM `crm_product` [ RunTime:0.0030s ]
SQL: SELECT crm_product.id,crm_product.name,crm_product.sn,crm_product.type,crm_product.pro_price,crm_product.sell_price,crm_product.unit,crm_product.inventory,crm_product.inventory_alarm,crm_product_extend.details FROM `crm_product` left JOIN crm_product_extend on crm_product.id = crm_product_extend.product_id  WHERE crm_product.id = '4' LIMIT 1   [ RunTime:0.0000s ]

[ 2017-05-31T16:01:09+08:00 ] 127.0.0.1 /Home/product/register
INFO: [ app_init ] --START--
INFO: Run Behavior\BuildLiteBehavior [ RunTime:0.014001s ]
INFO: [ app_init ] --END-- [ RunTime:0.062003s ]
INFO: [ app_begin ] --START--
INFO: Run Behavior\ReadHtmlCacheBehavior [ RunTime:0.011001s ]
INFO: [ app_begin ] --END-- [ RunTime:0.011001s ]
SQL: SHOW COLUMNS FROM `crm_product` [ RunTime:0.0060s ]
NOTIC: [8] Undefined index: validate D:\websoft\web\CRM\ThinkPHP\Library\Think\Model.class.php 第 1185 行.
NOTIC: [8] Undefined index: auto D:\websoft\web\CRM\ThinkPHP\Library\Think\Model.class.php 第 1128 行.
SQL: INSERT INTO `crm_product` (`name`,`sn`,`type`,`pro_price`,`sell_price`,`unit`,`inventory_alarm`,`create_time`) VALUES ('12','12344','男鞋','','','','10','2017-05-31 16:01:09') [ RunTime:0.0280s ]
INFO: [ app_end ] --START--
INFO: Run Behavior\ShowPageTraceBehavior [ RunTime:0.026002s ]
INFO: [ app_end ] --END-- [ RunTime:0.028002s ]

[ 2017-05-31T16:01:10+08:00 ] 127.0.0.1 /Home/product/getList
INFO: [ app_init ] --START--
INFO: Run Behavior\BuildLiteBehavior [ RunTime:0.000000s ]
INFO: [ app_init ] --END-- [ RunTime:0.007000s ]
INFO: [ app_begin ] --START--
INFO: Run Behavior\ReadHtmlCacheBehavior [ RunTime:0.001000s ]
INFO: [ app_begin ] --END-- [ RunTime:0.001000s ]
SQL: SHOW COLUMNS FROM `crm_product` [ RunTime:0.0030s ]
NOTIC: [8] Undefined variable: keywords_map D:\websoft\web\CRM\App\Home\Model\ProductModel.class.php 第 18 行.
SQL: SELECT `id`,`name`,`sn`,`type`,`pro_price`,`sell_price`,`unit`,`inventory`,`create_time` FROM `crm_product` ORDER BY `create_time` DESC LIMIT 0,20   [ RunTime:0.0000s ]
SQL: SELECT COUNT(*) AS tp_count FROM `crm_product` LIMIT 1   [ RunTime:0.0000s ]

[ 2017-05-31T16:03:17+08:00 ] 127.0.0.1 /Index/index.html
INFO: [ app_init ] --START--
INFO: Run Behavior\BuildLiteBehavior [ RunTime:0.000000s ]
INFO: [ app_init ] --END-- [ RunTime:0.000000s ]
INFO: [ app_begin ] --START--
INFO: Run Behavior\ReadHtmlCacheBehavior [ RunTime:0.000000s ]
INFO: [ app_begin ] --END-- [ RunTime:0.000000s ]
INFO: [ view_parse ] --START--
INFO: [ template_filter ] --START--
INFO: Run Behavior\ContentReplaceBehavior [ RunTime:0.009000s ]
INFO: [ template_filter ] --END-- [ RunTime:0.009000s ]
INFO: Run Behavior\ParseTemplateBehavior [ RunTime:0.061004s ]
INFO: [ view_parse ] --END-- [ RunTime:0.061004s ]
INFO: [ view_filter ] --START--
INFO: Run Behavior\WriteHtmlCacheBehavior [ RunTime:0.010000s ]
INFO: [ view_filter ] --END-- [ RunTime:0.010000s ]
INFO: [ app_end ] --START--
INFO: Run Behavior\ShowPageTraceBehavior [ RunTime:0.000000s ]
INFO: [ app_end ] --END-- [ RunTime:0.000000s ]

[ 2017-05-31T16:03:18+08:00 ] 127.0.0.1 /Home/Index/getNav
INFO: [ app_init ] --START--
INFO: Run Behavior\BuildLiteBehavior [ RunTime:0.000000s ]
INFO: [ app_init ] --END-- [ RunTime:0.001000s ]
INFO: [ app_begin ] --START--
INFO: Run Behavior\ReadHtmlCacheBehavior [ RunTime:0.000000s ]
INFO: [ app_begin ] --END-- [ RunTime:0.000000s ]
SQL: SHOW COLUMNS FROM `crm_nav` [ RunTime:0.0030s ]
SQL: SELECT `id`,`text`,`url`,`iconCls`,`nid` FROM `crm_nav`  [ RunTime:0.0000s ]

[ 2017-05-31T16:03:44+08:00 ] 127.0.0.1 /Home/Product/index?_=1496217797756
INFO: [ app_init ] --START--
INFO: Run Behavior\BuildLiteBehavior [ RunTime:0.000000s ]
INFO: [ app_init ] --END-- [ RunTime:0.000000s ]
INFO: [ app_begin ] --START--
INFO: Run Behavior\ReadHtmlCacheBehavior [ RunTime:0.001000s ]
INFO: [ app_begin ] --END-- [ RunTime:0.001000s ]
INFO: [ view_parse ] --START--
INFO: [ template_filter ] --START--
INFO: Run Behavior\ContentReplaceBehavior [ RunTime:0.000000s ]
INFO: [ template_filter ] --END-- [ RunTime:0.000000s ]
INFO: Run Behavior\ParseTemplateBehavior [ RunTime:0.019001s ]
INFO: [ view_parse ] --END-- [ RunTime:0.019001s ]
INFO: [ view_filter ] --START--
INFO: Run Behavior\WriteHtmlCacheBehavior [ RunTime:0.000000s ]
INFO: [ view_filter ] --END-- [ RunTime:0.000000s ]
INFO: [ app_end ] --START--
INFO: Run Behavior\ShowPageTraceBehavior [ RunTime:0.001000s ]
INFO: [ app_end ] --END-- [ RunTime:0.001000s ]

[ 2017-05-31T16:03:45+08:00 ] 127.0.0.1 /Home/product/getList
INFO: [ app_init ] --START--
INFO: Run Behavior\BuildLiteBehavior [ RunTime:0.000000s ]
INFO: [ app_init ] --END-- [ RunTime:0.000000s ]
INFO: [ app_begin ] --START--
INFO: Run Behavior\ReadHtmlCacheBehavior [ RunTime:0.000000s ]
INFO: [ app_begin ] --END-- [ RunTime:0.000000s ]
SQL: SHOW COLUMNS FROM `crm_product` [ RunTime:0.0030s ]
NOTIC: [8] Undefined variable: keywords_map D:\websoft\web\CRM\App\Home\Model\ProductModel.class.php 第 18 行.
SQL: SELECT `id`,`name`,`sn`,`type`,`pro_price`,`sell_price`,`unit`,`inventory`,`create_time` FROM `crm_product` ORDER BY `create_time` DESC LIMIT 0,20   [ RunTime:0.0010s ]
SQL: SELECT COUNT(*) AS tp_count FROM `crm_product` LIMIT 1   [ RunTime:0.0000s ]

[ 2017-05-31T16:03:56+08:00 ] 127.0.0.1 /Home/product/register
INFO: [ app_init ] --START--
INFO: Run Behavior\BuildLiteBehavior [ RunTime:0.000000s ]
INFO: [ app_init ] --END-- [ RunTime:0.001000s ]
INFO: [ app_begin ] --START--
INFO: Run Behavior\ReadHtmlCacheBehavior [ RunTime:0.001000s ]
INFO: [ app_begin ] --END-- [ RunTime:0.001000s ]
SQL: SHOW COLUMNS FROM `crm_product` [ RunTime:0.0020s ]
NOTIC: [8] Undefined index: validate D:\websoft\web\CRM\ThinkPHP\Library\Think\Model.class.php 第 1185 行.
NOTIC: [8] Undefined index: auto D:\websoft\web\CRM\ThinkPHP\Library\Think\Model.class.php 第 1128 行.
SQL: INSERT INTO `crm_product` (`name`,`sn`,`type`,`pro_price`,`sell_price`,`unit`,`inventory_alarm`,`create_time`) VALUES ('22','22222','','','','','10','2017-05-31 16:03:56') [ RunTime:0.0220s ]
INFO: [ app_end ] --START--
INFO: Run Behavior\ShowPageTraceBehavior [ RunTime:0.000000s ]
INFO: [ app_end ] --END-- [ RunTime:0.000000s ]

[ 2017-05-31T16:03:56+08:00 ] 127.0.0.1 /Home/product/getList
INFO: [ app_init ] --START--
INFO: Run Behavior\BuildLiteBehavior [ RunTime:0.000000s ]
INFO: [ app_init ] --END-- [ RunTime:0.001000s ]
INFO: [ app_begin ] --START--
INFO: Run Behavior\ReadHtmlCacheBehavior [ RunTime:0.000000s ]
INFO: [ app_begin ] --END-- [ RunTime:0.000000s ]
SQL: SHOW COLUMNS FROM `crm_product` [ RunTime:0.0030s ]
NOTIC: [8] Undefined variable: keywords_map D:\websoft\web\CRM\App\Home\Model\ProductModel.class.php 第 18 行.
SQL: SELECT `id`,`name`,`sn`,`type`,`pro_price`,`sell_price`,`unit`,`inventory`,`create_time` FROM `crm_product` ORDER BY `create_time` DESC LIMIT 0,20   [ RunTime:0.0000s ]
SQL: SELECT COUNT(*) AS tp_count FROM `crm_product` LIMIT 1   [ RunTime:0.0010s ]

[ 2017-05-31T16:05:03+08:00 ] 127.0.0.1 /Index/index.html
INFO: [ app_init ] --START--
INFO: Run Behavior\BuildLiteBehavior [ RunTime:0.000000s ]
INFO: [ app_init ] --END-- [ RunTime:0.001000s ]
INFO: [ app_begin ] --START--
INFO: Run Behavior\ReadHtmlCacheBehavior [ RunTime:0.001000s ]
INFO: [ app_begin ] --END-- [ RunTime:0.001000s ]
INFO: [ view_parse ] --START--
INFO: [ template_filter ] --START--
INFO: Run Behavior\ContentReplaceBehavior [ RunTime:0.000000s ]
INFO: [ template_filter ] --END-- [ RunTime:0.000000s ]
INFO: Run Behavior\ParseTemplateBehavior [ RunTime:0.003000s ]
INFO: [ view_parse ] --END-- [ RunTime:0.003000s ]
INFO: [ view_filter ] --START--
INFO: Run Behavior\WriteHtmlCacheBehavior [ RunTime:0.000000s ]
INFO: [ view_filter ] --END-- [ RunTime:0.001000s ]
INFO: [ app_end ] --START--
INFO: Run Behavior\ShowPageTraceBehavior [ RunTime:0.000000s ]
INFO: [ app_end ] --END-- [ RunTime:0.000000s ]

[ 2017-05-31T16:05:04+08:00 ] 127.0.0.1 /Home/Index/getNav
INFO: [ app_init ] --START--
INFO: Run Behavior\BuildLiteBehavior [ RunTime:0.000000s ]
INFO: [ app_init ] --END-- [ RunTime:0.000000s ]
INFO: [ app_begin ] --START--
INFO: Run Behavior\ReadHtmlCacheBehavior [ RunTime:0.000000s ]
INFO: [ app_begin ] --END-- [ RunTime:0.000000s ]
SQL: SHOW COLUMNS FROM `crm_nav` [ RunTime:0.0030s ]
SQL: SELECT `id`,`text`,`url`,`iconCls`,`nid` FROM `crm_nav`  [ RunTime:0.0000s ]

