[ 2017-06-12T15:55:56+08:00 ] ::1 /
INFO: [ app_init ] --START--
INFO: Run Behavior\BuildLiteBehavior [ RunTime:0.007001s ]
INFO: [ app_init ] --END-- [ RunTime:0.103006s ]
INFO: [ app_begin ] --START--
INFO: Run Behavior\ReadHtmlCacheBehavior [ RunTime:0.016001s ]
INFO: [ app_begin ] --END-- [ RunTime:0.016001s ]

[ 2017-06-12T15:55:56+08:00 ] ::1 /Login/index.html
INFO: [ app_init ] --START--
INFO: Run Behavior\BuildLiteBehavior [ RunTime:0.000000s ]
INFO: [ app_init ] --END-- [ RunTime:0.007000s ]
INFO: [ app_begin ] --START--
INFO: Run Behavior\ReadHtmlCacheBehavior [ RunTime:0.001000s ]
INFO: [ app_begin ] --END-- [ RunTime:0.001000s ]
INFO: [ view_parse ] --START--
INFO: [ template_filter ] --START--
INFO: Run Behavior\ContentReplaceBehavior [ RunTime:0.007000s ]
INFO: [ template_filter ] --END-- [ RunTime:0.007000s ]
INFO: Run Behavior\ParseTemplateBehavior [ RunTime:0.100006s ]
INFO: [ view_parse ] --END-- [ RunTime:0.100006s ]
INFO: [ view_filter ] --START--
INFO: Run Behavior\WriteHtmlCacheBehavior [ RunTime:0.008000s ]
INFO: [ view_filter ] --END-- [ RunTime:0.008000s ]
INFO: [ app_end ] --START--
INFO: Run Behavior\ShowPageTraceBehavior [ RunTime:0.002000s ]
INFO: [ app_end ] --END-- [ RunTime:0.002000s ]

[ 2017-06-12T15:55:57+08:00 ] ::1 /favicon.ico
INFO: [ app_init ] --START--
INFO: Run Behavior\BuildLiteBehavior [ RunTime:0.000000s ]
INFO: [ app_init ] --END-- [ RunTime:0.000000s ]

[ 2017-06-12T15:55:57+08:00 ] ::1 /favicon.ico
INFO: [ app_init ] --START--
INFO: Run Behavior\BuildLiteBehavior [ RunTime:0.000000s ]
INFO: [ app_init ] --END-- [ RunTime:0.000000s ]

[ 2017-06-12T15:56:07+08:00 ] ::1 /Home/Login/checkUser
INFO: [ app_init ] --START--
INFO: Run Behavior\BuildLiteBehavior [ RunTime:0.000000s ]
INFO: [ app_init ] --END-- [ RunTime:0.000000s ]
INFO: [ app_begin ] --START--
INFO: Run Behavior\ReadHtmlCacheBehavior [ RunTime:0.000000s ]
INFO: [ app_begin ] --END-- [ RunTime:0.000000s ]
SQL: SHOW COLUMNS FROM `crm_user` [ RunTime:0.3150s ]
NOTIC: [8] Undefined index: validate D:\websoft\web\CRM\ThinkPHP\Library\Think\Model.class.php 第 1185 行.
NOTIC: [8] Undefined index: auto D:\websoft\web\CRM\ThinkPHP\Library\Think\Model.class.php 第 1128 行.
SQL: SELECT `id`,`accounts`,`state` FROM `crm_user` WHERE `accounts` = 'admin' AND `password` = '7c4a8d09ca3762af61e59520943dc26494f8941b' LIMIT 1   [ RunTime:0.0220s ]
SQL: UPDATE `crm_user` SET `last_login_time`='2017-06-12 15:56:07',`last_login_ip`='0.0.0.0',`login_count`=login_count+1 WHERE `id` = 1 [ RunTime:0.1350s ]
INFO: [ app_end ] --START--
INFO: Run Behavior\ShowPageTraceBehavior [ RunTime:0.001000s ]
INFO: [ app_end ] --END-- [ RunTime:0.001000s ]

[ 2017-06-12T15:56:07+08:00 ] ::1 /Index/index.html
INFO: [ app_init ] --START--
INFO: Run Behavior\BuildLiteBehavior [ RunTime:0.000000s ]
INFO: [ app_init ] --END-- [ RunTime:0.001000s ]
INFO: [ app_begin ] --START--
INFO: Run Behavior\ReadHtmlCacheBehavior [ RunTime:0.000000s ]
INFO: [ app_begin ] --END-- [ RunTime:0.001000s ]
INFO: [ view_parse ] --START--
INFO: [ template_filter ] --START--
INFO: Run Behavior\ContentReplaceBehavior [ RunTime:0.000000s ]
INFO: [ template_filter ] --END-- [ RunTime:0.000000s ]
INFO: Run Behavior\ParseTemplateBehavior [ RunTime:0.016001s ]
INFO: [ view_parse ] --END-- [ RunTime:0.016001s ]
INFO: [ view_filter ] --START--
INFO: Run Behavior\WriteHtmlCacheBehavior [ RunTime:0.000000s ]
INFO: [ view_filter ] --END-- [ RunTime:0.000000s ]
INFO: [ app_end ] --START--
INFO: Run Behavior\ShowPageTraceBehavior [ RunTime:0.001000s ]
INFO: [ app_end ] --END-- [ RunTime:0.001000s ]

[ 2017-06-12T15:56:08+08:00 ] ::1 /Home/Index/getNav
INFO: [ app_init ] --START--
INFO: Run Behavior\BuildLiteBehavior [ RunTime:0.000000s ]
INFO: [ app_init ] --END-- [ RunTime:0.000000s ]
INFO: [ app_begin ] --START--
INFO: Run Behavior\ReadHtmlCacheBehavior [ RunTime:0.000000s ]
INFO: [ app_begin ] --END-- [ RunTime:0.000000s ]
SQL: SHOW COLUMNS FROM `crm_nav` [ RunTime:0.1630s ]
SQL: SELECT `id`,`text`,`url`,`iconCls`,`nid` FROM `crm_nav`  [ RunTime:0.0000s ]

[ 2017-06-12T15:56:10+08:00 ] ::1 /Home/Product/index?_=1497254168050
INFO: [ app_init ] --START--
INFO: Run Behavior\BuildLiteBehavior [ RunTime:0.000000s ]
INFO: [ app_init ] --END-- [ RunTime:0.000000s ]
INFO: [ app_begin ] --START--
INFO: Run Behavior\ReadHtmlCacheBehavior [ RunTime:0.000000s ]
INFO: [ app_begin ] --END-- [ RunTime:0.000000s ]
INFO: [ view_parse ] --START--
INFO: [ template_filter ] --START--
INFO: Run Behavior\ContentReplaceBehavior [ RunTime:0.000000s ]
INFO: [ template_filter ] --END-- [ RunTime:0.000000s ]
INFO: Run Behavior\ParseTemplateBehavior [ RunTime:0.022002s ]
INFO: [ view_parse ] --END-- [ RunTime:0.022002s ]
INFO: [ view_filter ] --START--
INFO: Run Behavior\WriteHtmlCacheBehavior [ RunTime:0.000000s ]
INFO: [ view_filter ] --END-- [ RunTime:0.000000s ]
INFO: [ app_end ] --START--
INFO: Run Behavior\ShowPageTraceBehavior [ RunTime:0.000000s ]
INFO: [ app_end ] --END-- [ RunTime:0.000000s ]

[ 2017-06-12T15:56:11+08:00 ] ::1 /Home/product/getList
INFO: [ app_init ] --START--
INFO: Run Behavior\BuildLiteBehavior [ RunTime:0.000000s ]
INFO: [ app_init ] --END-- [ RunTime:0.000000s ]
INFO: [ app_begin ] --START--
INFO: Run Behavior\ReadHtmlCacheBehavior [ RunTime:0.000000s ]
INFO: [ app_begin ] --END-- [ RunTime:0.000000s ]
SQL: SHOW COLUMNS FROM `crm_product` [ RunTime:0.0430s ]
NOTIC: [2] Missing argument 10 for Home\Model\ProductModel::getList(), called in D:\websoft\web\CRM\App\Home\Controller\ProductController.class.php on line 10 and defined D:\websoft\web\CRM\App\Home\Model\ProductModel.class.php 第 11 行.
NOTIC: [8] Undefined variable: keywords_map D:\websoft\web\CRM\App\Home\Model\ProductModel.class.php 第 18 行.
NOTIC: [8] Undefined variable: alarm D:\websoft\web\CRM\App\Home\Model\ProductModel.class.php 第 32 行.
SQL: SELECT `id`,`name`,`sn`,`type`,`pro_price`,`sell_price`,`unit`,`inventory`,`create_time` FROM `crm_product` ORDER BY `create_time` DESC LIMIT 0,20   [ RunTime:0.0110s ]
SQL: SELECT COUNT(*) AS tp_count FROM `crm_product` LIMIT 1   [ RunTime:0.0860s ]

[ 2017-06-12T15:56:12+08:00 ] ::1 /Home/Inlib/index?_=1497254168052
INFO: [ app_init ] --START--
INFO: Run Behavior\BuildLiteBehavior [ RunTime:0.000000s ]
INFO: [ app_init ] --END-- [ RunTime:0.000000s ]
INFO: [ app_begin ] --START--
INFO: Run Behavior\ReadHtmlCacheBehavior [ RunTime:0.000000s ]
INFO: [ app_begin ] --END-- [ RunTime:0.000000s ]
INFO: [ view_parse ] --START--
INFO: [ template_filter ] --START--
INFO: Run Behavior\ContentReplaceBehavior [ RunTime:0.000000s ]
INFO: [ template_filter ] --END-- [ RunTime:0.000000s ]
INFO: Run Behavior\ParseTemplateBehavior [ RunTime:0.015001s ]
INFO: [ view_parse ] --END-- [ RunTime:0.015001s ]
INFO: [ view_filter ] --START--
INFO: Run Behavior\WriteHtmlCacheBehavior [ RunTime:0.000000s ]
INFO: [ view_filter ] --END-- [ RunTime:0.000000s ]
INFO: [ app_end ] --START--
INFO: Run Behavior\ShowPageTraceBehavior [ RunTime:0.000000s ]
INFO: [ app_end ] --END-- [ RunTime:0.000000s ]

[ 2017-06-12T15:56:13+08:00 ] ::1 /Home/inlib/getList
INFO: [ app_init ] --START--
INFO: Run Behavior\BuildLiteBehavior [ RunTime:0.000000s ]
INFO: [ app_init ] --END-- [ RunTime:0.000000s ]
INFO: [ app_begin ] --START--
INFO: Run Behavior\ReadHtmlCacheBehavior [ RunTime:0.001000s ]
INFO: [ app_begin ] --END-- [ RunTime:0.001000s ]
SQL: SHOW COLUMNS FROM `crm_inlib` [ RunTime:0.0510s ]
NOTIC: [8] Undefined variable: keywords_map D:\websoft\web\CRM\App\Home\Model\InlibModel.class.php 第 18 行.
SQL: SELECT crm_inlib.id,crm_inlib.number,crm_inlib.staff_name,crm_inlib.mode,crm_inlib.mode_explain,crm_inlib.enter,crm_inlib.create_time,crm_product.name,crm_product.sn,crm_product.type,crm_product.pro_price,crm_product.sell_price FROM `crm_inlib` left JOIN crm_product on crm_inlib.product_id = crm_product.id  ORDER BY `create_time` DESC LIMIT 0,20   [ RunTime:0.0420s ]
SQL: SELECT COUNT(*) AS tp_count FROM `crm_inlib` LIMIT 1   [ RunTime:0.0000s ]

[ 2017-06-12T15:56:15+08:00 ] ::1 /Home/Alarm/index?_=1497254168054
INFO: [ app_init ] --START--
INFO: Run Behavior\BuildLiteBehavior [ RunTime:0.000000s ]
INFO: [ app_init ] --END-- [ RunTime:0.000000s ]
INFO: [ app_begin ] --START--
INFO: Run Behavior\ReadHtmlCacheBehavior [ RunTime:0.000000s ]
INFO: [ app_begin ] --END-- [ RunTime:0.000000s ]
INFO: [ view_parse ] --START--
INFO: [ template_filter ] --START--
INFO: Run Behavior\ContentReplaceBehavior [ RunTime:0.000000s ]
INFO: [ template_filter ] --END-- [ RunTime:0.001000s ]
INFO: Run Behavior\ParseTemplateBehavior [ RunTime:0.085005s ]
INFO: [ view_parse ] --END-- [ RunTime:0.085005s ]
INFO: [ view_filter ] --START--
INFO: Run Behavior\WriteHtmlCacheBehavior [ RunTime:0.000000s ]
INFO: [ view_filter ] --END-- [ RunTime:0.000000s ]
INFO: [ app_end ] --START--
INFO: Run Behavior\ShowPageTraceBehavior [ RunTime:0.001000s ]
INFO: [ app_end ] --END-- [ RunTime:0.001000s ]

[ 2017-06-12T15:56:15+08:00 ] ::1 /Home/alarm/getList
INFO: [ app_init ] --START--
INFO: Run Behavior\BuildLiteBehavior [ RunTime:0.000000s ]
INFO: [ app_init ] --END-- [ RunTime:0.001000s ]
INFO: [ app_begin ] --START--
INFO: Run Behavior\ReadHtmlCacheBehavior [ RunTime:0.001000s ]
INFO: [ app_begin ] --END-- [ RunTime:0.001000s ]
SQL: SHOW COLUMNS FROM `crm_product` [ RunTime:0.0130s ]
NOTIC: [8] Undefined variable: keywords_map D:\websoft\web\CRM\App\Home\Model\ProductModel.class.php 第 18 行.
SQL: SELECT `id`,`name`,`sn`,`type`,`pro_price`,`sell_price`,`unit`,`inventory`,`create_time` FROM `crm_product` WHERE ( `inventory` <= `inventory_alarm` ) ORDER BY `create_time` DESC LIMIT 0,20   [ RunTime:0.0010s ]
SQL: SELECT COUNT(*) AS tp_count FROM `crm_product` LIMIT 1   [ RunTime:0.0000s ]

[ 2017-06-12T15:56:16+08:00 ] ::1 /Home/Procure/index?_=1497254168056
INFO: [ app_init ] --START--
INFO: Run Behavior\BuildLiteBehavior [ RunTime:0.000000s ]
INFO: [ app_init ] --END-- [ RunTime:0.001000s ]
INFO: [ app_begin ] --START--
INFO: Run Behavior\ReadHtmlCacheBehavior [ RunTime:0.000000s ]
INFO: [ app_begin ] --END-- [ RunTime:0.000000s ]
INFO: [ view_parse ] --START--
INFO: [ template_filter ] --START--
INFO: Run Behavior\ContentReplaceBehavior [ RunTime:0.000000s ]
INFO: [ template_filter ] --END-- [ RunTime:0.000000s ]
INFO: Run Behavior\ParseTemplateBehavior [ RunTime:0.022001s ]
INFO: [ view_parse ] --END-- [ RunTime:0.022001s ]
INFO: [ view_filter ] --START--
INFO: Run Behavior\WriteHtmlCacheBehavior [ RunTime:0.000000s ]
INFO: [ view_filter ] --END-- [ RunTime:0.000000s ]
INFO: [ app_end ] --START--
INFO: Run Behavior\ShowPageTraceBehavior [ RunTime:0.001000s ]
INFO: [ app_end ] --END-- [ RunTime:0.001000s ]

[ 2017-06-12T15:56:17+08:00 ] ::1 /Home/procure/getList
INFO: [ app_init ] --START--
INFO: Run Behavior\BuildLiteBehavior [ RunTime:0.000000s ]
INFO: [ app_init ] --END-- [ RunTime:0.000000s ]
INFO: [ app_begin ] --START--
INFO: Run Behavior\ReadHtmlCacheBehavior [ RunTime:0.001000s ]
INFO: [ app_begin ] --END-- [ RunTime:0.001000s ]
SQL: SHOW COLUMNS FROM `crm_inlib` [ RunTime:0.0710s ]
NOTIC: [8] Undefined variable: keywords_map D:\websoft\web\CRM\App\Home\Model\InlibModel.class.php 第 18 行.
SQL: SELECT crm_inlib.id,crm_inlib.number,crm_inlib.staff_name,crm_inlib.mode,crm_inlib.mode_explain,crm_inlib.enter,crm_inlib.create_time,crm_product.name,crm_product.sn,crm_product.type,crm_product.pro_price,crm_product.sell_price FROM `crm_inlib` left JOIN crm_product on crm_inlib.product_id = crm_product.id  WHERE `mode` = '采购' ORDER BY `create_time` DESC LIMIT 0,20   [ RunTime:0.0010s ]
SQL: SELECT COUNT(*) AS tp_count FROM `crm_inlib` LIMIT 1   [ RunTime:0.0000s ]

[ 2017-06-12T15:56:22+08:00 ] ::1 /Home/Payment/index?_=1497254168058
INFO: [ app_init ] --START--
INFO: Run Behavior\BuildLiteBehavior [ RunTime:0.000000s ]
INFO: [ app_init ] --END-- [ RunTime:0.000000s ]
INFO: [ app_begin ] --START--
INFO: Run Behavior\ReadHtmlCacheBehavior [ RunTime:0.000000s ]
INFO: [ app_begin ] --END-- [ RunTime:0.000000s ]
INFO: [ view_parse ] --START--
INFO: [ template_filter ] --START--
INFO: Run Behavior\ContentReplaceBehavior [ RunTime:0.000000s ]
INFO: [ template_filter ] --END-- [ RunTime:0.000000s ]
INFO: Run Behavior\ParseTemplateBehavior [ RunTime:0.014001s ]
INFO: [ view_parse ] --END-- [ RunTime:0.014001s ]
INFO: [ view_filter ] --START--
INFO: Run Behavior\WriteHtmlCacheBehavior [ RunTime:0.000000s ]
INFO: [ view_filter ] --END-- [ RunTime:0.000000s ]
INFO: [ app_end ] --START--
INFO: Run Behavior\ShowPageTraceBehavior [ RunTime:0.000000s ]
INFO: [ app_end ] --END-- [ RunTime:0.000000s ]

[ 2017-06-12T15:56:22+08:00 ] ::1 /Home/payment/getList
INFO: [ app_init ] --START--
INFO: Run Behavior\BuildLiteBehavior [ RunTime:0.000000s ]
INFO: [ app_init ] --END-- [ RunTime:0.001000s ]
INFO: [ app_begin ] --START--
INFO: Run Behavior\ReadHtmlCacheBehavior [ RunTime:0.000000s ]
INFO: [ app_begin ] --END-- [ RunTime:0.001000s ]
SQL: SHOW COLUMNS FROM `crm_inlib` [ RunTime:0.0030s ]
NOTIC: [8] Undefined variable: keywords_map D:\websoft\web\CRM\App\Home\Model\InlibModel.class.php 第 18 行.
SQL: SELECT crm_inlib.id,crm_inlib.number,crm_inlib.staff_name,crm_inlib.mode,crm_inlib.mode_explain,crm_inlib.enter,crm_inlib.create_time,crm_product.name,crm_product.sn,crm_product.type,crm_product.pro_price,crm_product.sell_price FROM `crm_inlib` left JOIN crm_product on crm_inlib.product_id = crm_product.id  ORDER BY `create_time` DESC LIMIT 0,20   [ RunTime:0.0010s ]
SQL: SELECT COUNT(*) AS tp_count FROM `crm_inlib` LIMIT 1   [ RunTime:0.0000s ]

[ 2017-06-12T16:55:21+08:00 ] ::1 /Home/Inlib/getDetails?id=8&_=1497254168060
INFO: [ app_init ] --START--
INFO: Run Behavior\BuildLiteBehavior [ RunTime:0.000000s ]
INFO: [ app_init ] --END-- [ RunTime:0.001000s ]
INFO: [ app_begin ] --START--
INFO: Run Behavior\ReadHtmlCacheBehavior [ RunTime:0.001000s ]
INFO: [ app_begin ] --END-- [ RunTime:0.001000s ]
SQL: SHOW COLUMNS FROM `crm_inlib` [ RunTime:0.0030s ]
SQL: SELECT crm_inlib.number,crm_inlib.staff_name,crm_inlib.mode,crm_inlib.mode_explain,crm_inlib.enter,crm_product.name,crm_product.sn,crm_product.type,crm_product.pro_price FROM `crm_inlib` left JOIN crm_product on crm_inlib.product_id = crm_product.id  WHERE crm_inlib.id = '8' LIMIT 1   [ RunTime:0.0120s ]
INFO: [ view_parse ] --START--
INFO: [ template_filter ] --START--
INFO: Run Behavior\ContentReplaceBehavior [ RunTime:0.000000s ]
INFO: [ template_filter ] --END-- [ RunTime:0.000000s ]
INFO: Run Behavior\ParseTemplateBehavior [ RunTime:0.030002s ]
INFO: [ view_parse ] --END-- [ RunTime:0.030002s ]
INFO: [ view_filter ] --START--
INFO: Run Behavior\WriteHtmlCacheBehavior [ RunTime:0.000000s ]
INFO: [ view_filter ] --END-- [ RunTime:0.000000s ]
INFO: [ app_end ] --START--
INFO: Run Behavior\ShowPageTraceBehavior [ RunTime:0.001000s ]
INFO: [ app_end ] --END-- [ RunTime:0.001000s ]

