[ 2017-05-15T15:39:05+08:00 ] ::1 /
INFO: [ app_init ] --START--
INFO: Run Behavior\BuildLiteBehavior [ RunTime:0.013001s ]
INFO: [ app_init ] --END-- [ RunTime:0.092005s ]
INFO: [ app_begin ] --START--
INFO: Run Behavior\ReadHtmlCacheBehavior [ RunTime:0.005000s ]
INFO: [ app_begin ] --END-- [ RunTime:0.005000s ]

[ 2017-05-15T15:39:05+08:00 ] ::1 /Login/index.html
INFO: [ app_init ] --START--
INFO: Run Behavior\BuildLiteBehavior [ RunTime:0.000000s ]
INFO: [ app_init ] --END-- [ RunTime:0.056003s ]
INFO: [ app_begin ] --START--
INFO: Run Behavior\ReadHtmlCacheBehavior [ RunTime:0.000000s ]
INFO: [ app_begin ] --END-- [ RunTime:0.000000s ]
INFO: [ view_parse ] --START--
INFO: [ template_filter ] --START--
INFO: Run Behavior\ContentReplaceBehavior [ RunTime:0.006001s ]
INFO: [ template_filter ] --END-- [ RunTime:0.006001s ]
INFO: Run Behavior\ParseTemplateBehavior [ RunTime:0.208012s ]
INFO: [ view_parse ] --END-- [ RunTime:0.208012s ]
INFO: [ view_filter ] --START--
INFO: Run Behavior\WriteHtmlCacheBehavior [ RunTime:0.011001s ]
INFO: [ view_filter ] --END-- [ RunTime:0.011001s ]
INFO: [ app_end ] --START--
INFO: Run Behavior\ShowPageTraceBehavior [ RunTime:0.056003s ]
INFO: [ app_end ] --END-- [ RunTime:0.056003s ]

[ 2017-05-15T15:39:06+08:00 ] ::1 /favicon.ico
INFO: [ app_init ] --START--
INFO: Run Behavior\BuildLiteBehavior [ RunTime:0.000000s ]
INFO: [ app_init ] --END-- [ RunTime:0.000000s ]

[ 2017-05-15T15:39:06+08:00 ] ::1 /favicon.ico
INFO: [ app_init ] --START--
INFO: Run Behavior\BuildLiteBehavior [ RunTime:0.000000s ]
INFO: [ app_init ] --END-- [ RunTime:0.001000s ]

[ 2017-05-15T15:39:15+08:00 ] ::1 /Home/Login/checkUser
INFO: [ app_init ] --START--
INFO: Run Behavior\BuildLiteBehavior [ RunTime:0.000000s ]
INFO: [ app_init ] --END-- [ RunTime:0.000000s ]
INFO: [ app_begin ] --START--
INFO: Run Behavior\ReadHtmlCacheBehavior [ RunTime:0.000000s ]
INFO: [ app_begin ] --END-- [ RunTime:0.000000s ]
SQL: SHOW COLUMNS FROM `crm_user` [ RunTime:0.1820s ]
NOTIC: [8] Undefined index: validate D:\websoft\web\CRM\ThinkPHP\Library\Think\Model.class.php 第 1185 行.
NOTIC: [8] Undefined index: auto D:\websoft\web\CRM\ThinkPHP\Library\Think\Model.class.php 第 1128 行.
SQL: SELECT `id`,`accounts`,`state` FROM `crm_user` WHERE `accounts` = 'admin' AND `password` = '7c4a8d09ca3762af61e59520943dc26494f8941b' LIMIT 1   [ RunTime:0.0460s ]
SQL: UPDATE `crm_user` SET `last_login_time`='2017-05-15 15:39:15',`last_login_ip`='0.0.0.0',`login_count`=login_count+1 WHERE `id` = 1 [ RunTime:0.1310s ]
INFO: [ app_end ] --START--
INFO: Run Behavior\ShowPageTraceBehavior [ RunTime:0.001000s ]
INFO: [ app_end ] --END-- [ RunTime:0.001000s ]

[ 2017-05-15T15:39:15+08:00 ] ::1 /Index/index.html
INFO: [ app_init ] --START--
INFO: Run Behavior\BuildLiteBehavior [ RunTime:0.000000s ]
INFO: [ app_init ] --END-- [ RunTime:0.000000s ]
INFO: [ app_begin ] --START--
INFO: Run Behavior\ReadHtmlCacheBehavior [ RunTime:0.001000s ]
INFO: [ app_begin ] --END-- [ RunTime:0.001000s ]
INFO: [ view_parse ] --START--
INFO: [ template_filter ] --START--
INFO: Run Behavior\ContentReplaceBehavior [ RunTime:0.001000s ]
INFO: [ template_filter ] --END-- [ RunTime:0.001000s ]
INFO: Run Behavior\ParseTemplateBehavior [ RunTime:0.012001s ]
INFO: [ view_parse ] --END-- [ RunTime:0.012001s ]
INFO: [ view_filter ] --START--
INFO: Run Behavior\WriteHtmlCacheBehavior [ RunTime:0.000000s ]
INFO: [ view_filter ] --END-- [ RunTime:0.000000s ]
INFO: [ app_end ] --START--
INFO: Run Behavior\ShowPageTraceBehavior [ RunTime:0.001000s ]
INFO: [ app_end ] --END-- [ RunTime:0.001000s ]

[ 2017-05-15T15:39:16+08:00 ] ::1 /Home/Index/getNav
INFO: [ app_init ] --START--
INFO: Run Behavior\BuildLiteBehavior [ RunTime:0.000000s ]
INFO: [ app_init ] --END-- [ RunTime:0.000000s ]
INFO: [ app_begin ] --START--
INFO: Run Behavior\ReadHtmlCacheBehavior [ RunTime:0.000000s ]
INFO: [ app_begin ] --END-- [ RunTime:0.000000s ]
SQL: SHOW COLUMNS FROM `crm_nav` [ RunTime:0.0780s ]
SQL: SELECT `id`,`text`,`url`,`iconCls`,`nid` FROM `crm_nav`  [ RunTime:0.0000s ]

[ 2017-05-15T15:39:20+08:00 ] ::1 /Home/User/index?_=1494833956175
INFO: [ app_init ] --START--
INFO: Run Behavior\BuildLiteBehavior [ RunTime:0.000000s ]
INFO: [ app_init ] --END-- [ RunTime:0.000000s ]
INFO: [ app_begin ] --START--
INFO: Run Behavior\ReadHtmlCacheBehavior [ RunTime:0.000000s ]
INFO: [ app_begin ] --END-- [ RunTime:0.000000s ]
INFO: [ view_parse ] --START--
INFO: [ template_filter ] --START--
INFO: Run Behavior\ContentReplaceBehavior [ RunTime:0.000000s ]
INFO: [ template_filter ] --END-- [ RunTime:0.000000s ]
INFO: Run Behavior\ParseTemplateBehavior [ RunTime:0.019001s ]
INFO: [ view_parse ] --END-- [ RunTime:0.019001s ]
INFO: [ view_filter ] --START--
INFO: Run Behavior\WriteHtmlCacheBehavior [ RunTime:0.001000s ]
INFO: [ view_filter ] --END-- [ RunTime:0.001000s ]
INFO: [ app_end ] --START--
INFO: Run Behavior\ShowPageTraceBehavior [ RunTime:0.000000s ]
INFO: [ app_end ] --END-- [ RunTime:0.000000s ]

[ 2017-05-15T15:39:21+08:00 ] ::1 /Home/user/getList
INFO: [ app_init ] --START--
INFO: Run Behavior\BuildLiteBehavior [ RunTime:0.000000s ]
INFO: [ app_init ] --END-- [ RunTime:0.000000s ]
INFO: [ app_begin ] --START--
INFO: Run Behavior\ReadHtmlCacheBehavior [ RunTime:0.001000s ]
INFO: [ app_begin ] --END-- [ RunTime:0.001000s ]
SQL: SHOW COLUMNS FROM `crm_user` [ RunTime:0.0290s ]
SQL: SELECT `id`,`accounts`,`create_time`,`login_count`,`last_login_time`,`last_login_ip`,`state` FROM `crm_user` ORDER BY `create_time` DESC LIMIT 0,20   [ RunTime:0.0100s ]
SQL: SELECT COUNT(*) AS tp_count FROM `crm_user` LIMIT 1   [ RunTime:0.0510s ]

[ 2017-05-15T15:39:29+08:00 ] ::1 /Home/Staff/index?_=1494833956177
INFO: [ app_init ] --START--
INFO: Run Behavior\BuildLiteBehavior [ RunTime:0.000000s ]
INFO: [ app_init ] --END-- [ RunTime:0.000000s ]
INFO: [ app_begin ] --START--
INFO: Run Behavior\ReadHtmlCacheBehavior [ RunTime:0.000000s ]
INFO: [ app_begin ] --END-- [ RunTime:0.000000s ]
INFO: [ view_parse ] --START--
INFO: [ template_filter ] --START--
INFO: Run Behavior\ContentReplaceBehavior [ RunTime:0.000000s ]
INFO: [ template_filter ] --END-- [ RunTime:0.000000s ]
INFO: Run Behavior\ParseTemplateBehavior [ RunTime:0.020001s ]
INFO: [ view_parse ] --END-- [ RunTime:0.020001s ]
INFO: [ view_filter ] --START--
INFO: Run Behavior\WriteHtmlCacheBehavior [ RunTime:0.001000s ]
INFO: [ view_filter ] --END-- [ RunTime:0.001000s ]
INFO: [ app_end ] --START--
INFO: Run Behavior\ShowPageTraceBehavior [ RunTime:0.000000s ]
INFO: [ app_end ] --END-- [ RunTime:0.000000s ]

[ 2017-05-15T15:39:29+08:00 ] ::1 /Home/staff/getList
INFO: [ app_init ] --START--
INFO: Run Behavior\BuildLiteBehavior [ RunTime:0.000000s ]
INFO: [ app_init ] --END-- [ RunTime:0.000000s ]
INFO: [ app_begin ] --START--
INFO: Run Behavior\ReadHtmlCacheBehavior [ RunTime:0.000000s ]
INFO: [ app_begin ] --END-- [ RunTime:0.000000s ]
SQL: SHOW COLUMNS FROM `crm_staff` [ RunTime:0.0830s ]
SQL: SELECT `id`,`name`,`number`,`gender`,`post`,`id_card`,`tel`,`nation`,`entry_status`,`entry_date`,`marital_status`,`politics_status`,`education`,`create_time` FROM `crm_staff` ORDER BY `create_time` DESC LIMIT 0,20   [ RunTime:0.0010s ]
SQL: SELECT COUNT(*) AS tp_count FROM `crm_staff` LIMIT 1   [ RunTime:0.0000s ]

[ 2017-05-15T15:56:26+08:00 ] ::1 /Index/index.html
INFO: [ app_init ] --START--
INFO: Run Behavior\BuildLiteBehavior [ RunTime:0.013000s ]
INFO: [ app_init ] --END-- [ RunTime:0.083005s ]
INFO: [ app_begin ] --START--
INFO: Run Behavior\ReadHtmlCacheBehavior [ RunTime:0.010001s ]
INFO: [ app_begin ] --END-- [ RunTime:0.011001s ]
INFO: [ view_parse ] --START--
INFO: [ template_filter ] --START--
INFO: Run Behavior\ContentReplaceBehavior [ RunTime:0.005000s ]
INFO: [ template_filter ] --END-- [ RunTime:0.005000s ]
INFO: Run Behavior\ParseTemplateBehavior [ RunTime:0.046003s ]
INFO: [ view_parse ] --END-- [ RunTime:0.046003s ]
INFO: [ view_filter ] --START--
INFO: Run Behavior\WriteHtmlCacheBehavior [ RunTime:0.004000s ]
INFO: [ view_filter ] --END-- [ RunTime:0.004000s ]
INFO: [ app_end ] --START--
INFO: Run Behavior\ShowPageTraceBehavior [ RunTime:0.001000s ]
INFO: [ app_end ] --END-- [ RunTime:0.001000s ]

[ 2017-05-15T15:56:28+08:00 ] ::1 /Home/Index/getNav
INFO: [ app_init ] --START--
INFO: Run Behavior\BuildLiteBehavior [ RunTime:0.000000s ]
INFO: [ app_init ] --END-- [ RunTime:0.060004s ]
INFO: [ app_begin ] --START--
INFO: Run Behavior\ReadHtmlCacheBehavior [ RunTime:0.000000s ]
INFO: [ app_begin ] --END-- [ RunTime:0.000000s ]
SQL: SHOW COLUMNS FROM `crm_nav` [ RunTime:0.0030s ]
SQL: SELECT `id`,`text`,`url`,`iconCls`,`nid` FROM `crm_nav`  [ RunTime:0.0000s ]

[ 2017-05-15T15:56:33+08:00 ] ::1 /Home/Staff/index?_=1494834987818
INFO: [ app_init ] --START--
INFO: Run Behavior\BuildLiteBehavior [ RunTime:0.000000s ]
INFO: [ app_init ] --END-- [ RunTime:0.000000s ]
INFO: [ app_begin ] --START--
INFO: Run Behavior\ReadHtmlCacheBehavior [ RunTime:0.001000s ]
INFO: [ app_begin ] --END-- [ RunTime:0.001000s ]
INFO: [ view_parse ] --START--
INFO: [ template_filter ] --START--
INFO: Run Behavior\ContentReplaceBehavior [ RunTime:0.000000s ]
INFO: [ template_filter ] --END-- [ RunTime:0.000000s ]
INFO: Run Behavior\ParseTemplateBehavior [ RunTime:0.069004s ]
INFO: [ view_parse ] --END-- [ RunTime:0.069004s ]
INFO: [ view_filter ] --START--
INFO: Run Behavior\WriteHtmlCacheBehavior [ RunTime:0.000000s ]
INFO: [ view_filter ] --END-- [ RunTime:0.000000s ]
INFO: [ app_end ] --START--
INFO: Run Behavior\ShowPageTraceBehavior [ RunTime:0.000000s ]
INFO: [ app_end ] --END-- [ RunTime:0.000000s ]

[ 2017-05-15T15:56:33+08:00 ] ::1 /Home/staff/getList
INFO: [ app_init ] --START--
INFO: Run Behavior\BuildLiteBehavior [ RunTime:0.000000s ]
INFO: [ app_init ] --END-- [ RunTime:0.000000s ]
INFO: [ app_begin ] --START--
INFO: Run Behavior\ReadHtmlCacheBehavior [ RunTime:0.000000s ]
INFO: [ app_begin ] --END-- [ RunTime:0.000000s ]
SQL: SHOW COLUMNS FROM `crm_staff` [ RunTime:0.0030s ]
SQL: SELECT `id`,`name`,`number`,`gender`,`post`,`id_card`,`tel`,`nation`,`entry_status`,`entry_date`,`marital_status`,`politics_status`,`education`,`create_time` FROM `crm_staff` ORDER BY `create_time` DESC LIMIT 0,20   [ RunTime:0.0010s ]
SQL: SELECT COUNT(*) AS tp_count FROM `crm_staff` LIMIT 1   [ RunTime:0.0000s ]

[ 2017-05-15T15:56:35+08:00 ] ::1 /Home/post/getAjaxList
INFO: [ app_init ] --START--
INFO: Run Behavior\BuildLiteBehavior [ RunTime:0.000000s ]
INFO: [ app_init ] --END-- [ RunTime:0.000000s ]
INFO: [ app_begin ] --START--
INFO: Run Behavior\ReadHtmlCacheBehavior [ RunTime:0.000000s ]
INFO: [ app_begin ] --END-- [ RunTime:0.000000s ]
SQL: SHOW COLUMNS FROM `crm_post` [ RunTime:0.1700s ]
SQL: SELECT `name` FROM `crm_post`  [ RunTime:0.0010s ]

[ 2017-05-15T15:58:54+08:00 ] ::1 /Index/index.html
INFO: [ app_init ] --START--
INFO: Run Behavior\BuildLiteBehavior [ RunTime:0.000000s ]
INFO: [ app_init ] --END-- [ RunTime:0.001000s ]
INFO: [ app_begin ] --START--
INFO: Run Behavior\ReadHtmlCacheBehavior [ RunTime:0.000000s ]
INFO: [ app_begin ] --END-- [ RunTime:0.000000s ]
INFO: [ view_parse ] --START--
INFO: [ template_filter ] --START--
INFO: Run Behavior\ContentReplaceBehavior [ RunTime:0.000000s ]
INFO: [ template_filter ] --END-- [ RunTime:0.000000s ]
INFO: Run Behavior\ParseTemplateBehavior [ RunTime:0.011001s ]
INFO: [ view_parse ] --END-- [ RunTime:0.011001s ]
INFO: [ view_filter ] --START--
INFO: Run Behavior\WriteHtmlCacheBehavior [ RunTime:0.000000s ]
INFO: [ view_filter ] --END-- [ RunTime:0.000000s ]
INFO: [ app_end ] --START--
INFO: Run Behavior\ShowPageTraceBehavior [ RunTime:0.000000s ]
INFO: [ app_end ] --END-- [ RunTime:0.001000s ]

[ 2017-05-15T15:58:54+08:00 ] ::1 /Home/Index/getNav
INFO: [ app_init ] --START--
INFO: Run Behavior\BuildLiteBehavior [ RunTime:0.000000s ]
INFO: [ app_init ] --END-- [ RunTime:0.000000s ]
INFO: [ app_begin ] --START--
INFO: Run Behavior\ReadHtmlCacheBehavior [ RunTime:0.000000s ]
INFO: [ app_begin ] --END-- [ RunTime:0.001000s ]
SQL: SHOW COLUMNS FROM `crm_nav` [ RunTime:0.0030s ]
SQL: SELECT `id`,`text`,`url`,`iconCls`,`nid` FROM `crm_nav`  [ RunTime:0.0010s ]

[ 2017-05-15T15:58:56+08:00 ] ::1 /Home/Staff/index?_=1494835134437
INFO: [ app_init ] --START--
INFO: Run Behavior\BuildLiteBehavior [ RunTime:0.000000s ]
INFO: [ app_init ] --END-- [ RunTime:0.000000s ]
INFO: [ app_begin ] --START--
INFO: Run Behavior\ReadHtmlCacheBehavior [ RunTime:0.000000s ]
INFO: [ app_begin ] --END-- [ RunTime:0.000000s ]
INFO: [ view_parse ] --START--
INFO: [ template_filter ] --START--
INFO: Run Behavior\ContentReplaceBehavior [ RunTime:0.000000s ]
INFO: [ template_filter ] --END-- [ RunTime:0.000000s ]
INFO: Run Behavior\ParseTemplateBehavior [ RunTime:0.003000s ]
INFO: [ view_parse ] --END-- [ RunTime:0.003000s ]
INFO: [ view_filter ] --START--
INFO: Run Behavior\WriteHtmlCacheBehavior [ RunTime:0.000000s ]
INFO: [ view_filter ] --END-- [ RunTime:0.000000s ]
INFO: [ app_end ] --START--
INFO: Run Behavior\ShowPageTraceBehavior [ RunTime:0.001000s ]
INFO: [ app_end ] --END-- [ RunTime:0.001000s ]

[ 2017-05-15T15:58:57+08:00 ] ::1 /Home/staff/getList
INFO: [ app_init ] --START--
INFO: Run Behavior\BuildLiteBehavior [ RunTime:0.000000s ]
INFO: [ app_init ] --END-- [ RunTime:0.001000s ]
INFO: [ app_begin ] --START--
INFO: Run Behavior\ReadHtmlCacheBehavior [ RunTime:0.000000s ]
INFO: [ app_begin ] --END-- [ RunTime:0.000000s ]
SQL: SHOW COLUMNS FROM `crm_staff` [ RunTime:0.0190s ]
SQL: SELECT `id`,`name`,`number`,`gender`,`post`,`id_card`,`tel`,`nation`,`entry_status`,`entry_date`,`marital_status`,`politics_status`,`education`,`create_time` FROM `crm_staff` ORDER BY `create_time` DESC LIMIT 0,20   [ RunTime:0.0000s ]
SQL: SELECT COUNT(*) AS tp_count FROM `crm_staff` LIMIT 1   [ RunTime:0.0000s ]

[ 2017-05-15T15:58:57+08:00 ] ::1 /Home/post/getAjaxList
INFO: [ app_init ] --START--
INFO: Run Behavior\BuildLiteBehavior [ RunTime:0.000000s ]
INFO: [ app_init ] --END-- [ RunTime:0.000000s ]
INFO: [ app_begin ] --START--
INFO: Run Behavior\ReadHtmlCacheBehavior [ RunTime:0.000000s ]
INFO: [ app_begin ] --END-- [ RunTime:0.001000s ]
SQL: SHOW COLUMNS FROM `crm_post` [ RunTime:0.0030s ]
SQL: SELECT `name` FROM `crm_post`  [ RunTime:0.0000s ]

[ 2017-05-15T16:22:24+08:00 ] ::1 /Index/index.html
INFO: [ app_init ] --START--
INFO: Run Behavior\BuildLiteBehavior [ RunTime:0.013001s ]
INFO: [ app_init ] --END-- [ RunTime:0.053003s ]
INFO: [ app_begin ] --START--
INFO: Run Behavior\ReadHtmlCacheBehavior [ RunTime:0.012000s ]
INFO: [ app_begin ] --END-- [ RunTime:0.012000s ]
INFO: [ view_parse ] --START--
INFO: [ template_filter ] --START--
INFO: Run Behavior\ContentReplaceBehavior [ RunTime:0.007000s ]
INFO: [ template_filter ] --END-- [ RunTime:0.007000s ]
INFO: Run Behavior\ParseTemplateBehavior [ RunTime:0.082005s ]
INFO: [ view_parse ] --END-- [ RunTime:0.082005s ]
INFO: [ view_filter ] --START--
INFO: Run Behavior\WriteHtmlCacheBehavior [ RunTime:0.030002s ]
INFO: [ view_filter ] --END-- [ RunTime:0.030002s ]
INFO: [ app_end ] --START--
INFO: Run Behavior\ShowPageTraceBehavior [ RunTime:0.001000s ]
INFO: [ app_end ] --END-- [ RunTime:0.001000s ]

[ 2017-05-15T16:22:26+08:00 ] ::1 /Home/Index/getNav
INFO: [ app_init ] --START--
INFO: Run Behavior\BuildLiteBehavior [ RunTime:0.000000s ]
INFO: [ app_init ] --END-- [ RunTime:0.028002s ]
INFO: [ app_begin ] --START--
INFO: Run Behavior\ReadHtmlCacheBehavior [ RunTime:0.000000s ]
INFO: [ app_begin ] --END-- [ RunTime:0.000000s ]
SQL: SHOW COLUMNS FROM `crm_nav` [ RunTime:0.0030s ]
SQL: SELECT `id`,`text`,`url`,`iconCls`,`nid` FROM `crm_nav`  [ RunTime:0.0010s ]

[ 2017-05-15T16:22:32+08:00 ] ::1 /Home/User/index?_=1494836544999
INFO: [ app_init ] --START--
INFO: Run Behavior\BuildLiteBehavior [ RunTime:0.000000s ]
INFO: [ app_init ] --END-- [ RunTime:0.001000s ]
INFO: [ app_begin ] --START--
INFO: Run Behavior\ReadHtmlCacheBehavior [ RunTime:0.001000s ]
INFO: [ app_begin ] --END-- [ RunTime:0.001000s ]
INFO: [ view_parse ] --START--
INFO: [ template_filter ] --START--
INFO: Run Behavior\ContentReplaceBehavior [ RunTime:0.000000s ]
INFO: [ template_filter ] --END-- [ RunTime:0.000000s ]
INFO: Run Behavior\ParseTemplateBehavior [ RunTime:0.015001s ]
INFO: [ view_parse ] --END-- [ RunTime:0.015001s ]
INFO: [ view_filter ] --START--
INFO: Run Behavior\WriteHtmlCacheBehavior [ RunTime:0.000000s ]
INFO: [ view_filter ] --END-- [ RunTime:0.000000s ]
INFO: [ app_end ] --START--
INFO: Run Behavior\ShowPageTraceBehavior [ RunTime:0.000000s ]
INFO: [ app_end ] --END-- [ RunTime:0.000000s ]

[ 2017-05-15T16:22:33+08:00 ] ::1 /Home/user/getList
INFO: [ app_init ] --START--
INFO: Run Behavior\BuildLiteBehavior [ RunTime:0.000000s ]
INFO: [ app_init ] --END-- [ RunTime:0.000000s ]
INFO: [ app_begin ] --START--
INFO: Run Behavior\ReadHtmlCacheBehavior [ RunTime:0.000000s ]
INFO: [ app_begin ] --END-- [ RunTime:0.000000s ]
SQL: SHOW COLUMNS FROM `crm_user` [ RunTime:0.0030s ]
SQL: SELECT `id`,`accounts`,`create_time`,`login_count`,`last_login_time`,`last_login_ip`,`state` FROM `crm_user` ORDER BY `create_time` DESC LIMIT 0,20   [ RunTime:0.0000s ]
SQL: SELECT COUNT(*) AS tp_count FROM `crm_user` LIMIT 1   [ RunTime:0.0000s ]

[ 2017-05-15T16:22:36+08:00 ] ::1 /Home/Staff/index?_=1494836545001
INFO: [ app_init ] --START--
INFO: Run Behavior\BuildLiteBehavior [ RunTime:0.000000s ]
INFO: [ app_init ] --END-- [ RunTime:0.000000s ]
INFO: [ app_begin ] --START--
INFO: Run Behavior\ReadHtmlCacheBehavior [ RunTime:0.000000s ]
INFO: [ app_begin ] --END-- [ RunTime:0.000000s ]
INFO: [ view_parse ] --START--
INFO: [ template_filter ] --START--
INFO: Run Behavior\ContentReplaceBehavior [ RunTime:0.001000s ]
INFO: [ template_filter ] --END-- [ RunTime:0.001000s ]
INFO: Run Behavior\ParseTemplateBehavior [ RunTime:0.017001s ]
INFO: [ view_parse ] --END-- [ RunTime:0.017001s ]
INFO: [ view_filter ] --START--
INFO: Run Behavior\WriteHtmlCacheBehavior [ RunTime:0.000000s ]
INFO: [ view_filter ] --END-- [ RunTime:0.000000s ]
INFO: [ app_end ] --START--
INFO: Run Behavior\ShowPageTraceBehavior [ RunTime:0.001000s ]
INFO: [ app_end ] --END-- [ RunTime:0.001000s ]

[ 2017-05-15T16:22:36+08:00 ] ::1 /Home/staff/getList
INFO: [ app_init ] --START--
INFO: Run Behavior\BuildLiteBehavior [ RunTime:0.000000s ]
INFO: [ app_init ] --END-- [ RunTime:0.001001s ]
INFO: [ app_begin ] --START--
INFO: Run Behavior\ReadHtmlCacheBehavior [ RunTime:0.000000s ]
INFO: [ app_begin ] --END-- [ RunTime:0.000000s ]
SQL: SHOW COLUMNS FROM `crm_staff` [ RunTime:0.0040s ]
SQL: SELECT `id`,`name`,`number`,`gender`,`post`,`id_card`,`tel`,`nation`,`entry_status`,`entry_date`,`marital_status`,`politics_status`,`education`,`create_time` FROM `crm_staff` ORDER BY `create_time` DESC LIMIT 0,20   [ RunTime:0.0000s ]
SQL: SELECT COUNT(*) AS tp_count FROM `crm_staff` LIMIT 1   [ RunTime:0.0000s ]

[ 2017-05-15T16:22:37+08:00 ] ::1 /Home/post/getAjaxList
INFO: [ app_init ] --START--
INFO: Run Behavior\BuildLiteBehavior [ RunTime:0.000000s ]
INFO: [ app_init ] --END-- [ RunTime:0.001000s ]
INFO: [ app_begin ] --START--
INFO: Run Behavior\ReadHtmlCacheBehavior [ RunTime:0.001000s ]
INFO: [ app_begin ] --END-- [ RunTime:0.001000s ]
SQL: SHOW COLUMNS FROM `crm_post` [ RunTime:0.0030s ]
SQL: SELECT `name` FROM `crm_post`  [ RunTime:0.0000s ]

[ 2017-05-15T16:23:38+08:00 ] ::1 /Home/staff/getList
INFO: [ app_init ] --START--
INFO: Run Behavior\BuildLiteBehavior [ RunTime:0.000000s ]
INFO: [ app_init ] --END-- [ RunTime:0.000000s ]
INFO: [ app_begin ] --START--
INFO: Run Behavior\ReadHtmlCacheBehavior [ RunTime:0.001000s ]
INFO: [ app_begin ] --END-- [ RunTime:0.001000s ]
SQL: SHOW COLUMNS FROM `crm_staff` [ RunTime:0.0030s ]
SQL: SELECT `id`,`name`,`number`,`gender`,`post`,`id_card`,`tel`,`nation`,`entry_status`,`entry_date`,`marital_status`,`politics_status`,`education`,`create_time` FROM `crm_staff` WHERE ( `create_time` >= '2017-05-08' AND `create_time` <= '2017-05-18'  ) AND (  `name` LIKE '%1001%' OR `number` LIKE '%1001%' OR `tel` LIKE '%1001%' ) ORDER BY `create_time` DESC LIMIT 0,20   [ RunTime:0.0360s ]
SQL: SELECT COUNT(*) AS tp_count FROM `crm_staff` LIMIT 1   [ RunTime:0.0000s ]

[ 2017-05-15T16:24:16+08:00 ] ::1 /Index/index.html
INFO: [ app_init ] --START--
INFO: Run Behavior\BuildLiteBehavior [ RunTime:0.000000s ]
INFO: [ app_init ] --END-- [ RunTime:0.000000s ]
INFO: [ app_begin ] --START--
INFO: Run Behavior\ReadHtmlCacheBehavior [ RunTime:0.000000s ]
INFO: [ app_begin ] --END-- [ RunTime:0.000000s ]
INFO: [ view_parse ] --START--
INFO: [ template_filter ] --START--
INFO: Run Behavior\ContentReplaceBehavior [ RunTime:0.000000s ]
INFO: [ template_filter ] --END-- [ RunTime:0.000000s ]
INFO: Run Behavior\ParseTemplateBehavior [ RunTime:0.012001s ]
INFO: [ view_parse ] --END-- [ RunTime:0.012001s ]
INFO: [ view_filter ] --START--
INFO: Run Behavior\WriteHtmlCacheBehavior [ RunTime:0.000000s ]
INFO: [ view_filter ] --END-- [ RunTime:0.000000s ]
INFO: [ app_end ] --START--
INFO: Run Behavior\ShowPageTraceBehavior [ RunTime:0.001000s ]
INFO: [ app_end ] --END-- [ RunTime:0.001000s ]

[ 2017-05-15T16:24:17+08:00 ] ::1 /Home/Index/getNav
INFO: [ app_init ] --START--
INFO: Run Behavior\BuildLiteBehavior [ RunTime:0.000000s ]
INFO: [ app_init ] --END-- [ RunTime:0.000000s ]
INFO: [ app_begin ] --START--
INFO: Run Behavior\ReadHtmlCacheBehavior [ RunTime:0.001000s ]
INFO: [ app_begin ] --END-- [ RunTime:0.001000s ]
SQL: SHOW COLUMNS FROM `crm_nav` [ RunTime:0.0130s ]
SQL: SELECT `id`,`text`,`url`,`iconCls`,`nid` FROM `crm_nav`  [ RunTime:0.0010s ]

[ 2017-05-15T16:25:44+08:00 ] ::1 /Home/Staff/index?_=1494836656803
INFO: [ app_init ] --START--
INFO: Run Behavior\BuildLiteBehavior [ RunTime:0.000000s ]
INFO: [ app_init ] --END-- [ RunTime:0.000000s ]
INFO: [ app_begin ] --START--
INFO: Run Behavior\ReadHtmlCacheBehavior [ RunTime:0.000000s ]
INFO: [ app_begin ] --END-- [ RunTime:0.000000s ]
INFO: [ view_parse ] --START--
INFO: [ template_filter ] --START--
INFO: Run Behavior\ContentReplaceBehavior [ RunTime:0.000000s ]
INFO: [ template_filter ] --END-- [ RunTime:0.000000s ]
INFO: Run Behavior\ParseTemplateBehavior [ RunTime:0.004000s ]
INFO: [ view_parse ] --END-- [ RunTime:0.004000s ]
INFO: [ view_filter ] --START--
INFO: Run Behavior\WriteHtmlCacheBehavior [ RunTime:0.000000s ]
INFO: [ view_filter ] --END-- [ RunTime:0.000000s ]
INFO: [ app_end ] --START--
INFO: Run Behavior\ShowPageTraceBehavior [ RunTime:0.000000s ]
INFO: [ app_end ] --END-- [ RunTime:0.000000s ]

[ 2017-05-15T16:25:44+08:00 ] ::1 /Home/staff/getList
INFO: [ app_init ] --START--
INFO: Run Behavior\BuildLiteBehavior [ RunTime:0.000000s ]
INFO: [ app_init ] --END-- [ RunTime:0.001001s ]
INFO: [ app_begin ] --START--
INFO: Run Behavior\ReadHtmlCacheBehavior [ RunTime:0.000000s ]
INFO: [ app_begin ] --END-- [ RunTime:0.000000s ]
SQL: SHOW COLUMNS FROM `crm_staff` [ RunTime:0.0030s ]
SQL: SELECT `id`,`name`,`number`,`gender`,`post`,`id_card`,`tel`,`nation`,`entry_status`,`entry_date`,`marital_status`,`politics_status`,`education`,`create_time` FROM `crm_staff` ORDER BY `create_time` DESC LIMIT 0,20   [ RunTime:0.0010s ]
SQL: SELECT COUNT(*) AS tp_count FROM `crm_staff` LIMIT 1   [ RunTime:0.0010s ]

[ 2017-05-15T16:25:44+08:00 ] ::1 /Home/post/getAjaxList
INFO: [ app_init ] --START--
INFO: Run Behavior\BuildLiteBehavior [ RunTime:0.000000s ]
INFO: [ app_init ] --END-- [ RunTime:0.000000s ]
INFO: [ app_begin ] --START--
INFO: Run Behavior\ReadHtmlCacheBehavior [ RunTime:0.001000s ]
INFO: [ app_begin ] --END-- [ RunTime:0.001000s ]
SQL: SHOW COLUMNS FROM `crm_post` [ RunTime:0.0040s ]
SQL: SELECT `name` FROM `crm_post`  [ RunTime:0.0000s ]

[ 2017-05-15T16:26:39+08:00 ] ::1 /Home/staff/getList
INFO: [ app_init ] --START--
INFO: Run Behavior\BuildLiteBehavior [ RunTime:0.000000s ]
INFO: [ app_init ] --END-- [ RunTime:0.000000s ]
INFO: [ app_begin ] --START--
INFO: Run Behavior\ReadHtmlCacheBehavior [ RunTime:0.000000s ]
INFO: [ app_begin ] --END-- [ RunTime:0.000000s ]
SQL: SHOW COLUMNS FROM `crm_staff` [ RunTime:0.0030s ]
ERR: 1064:You have an error in your SQL syntax; check the manual that corresponds to your MySQL server version for the right syntax to use near '-1,1' at line 1
 [ SQL语句 ] : SELECT `id`,`name`,`number`,`gender`,`post`,`id_card`,`tel`,`nation`,`entry_status`,`entry_date`,`marital_status`,`politics_status`,`education`,`create_time` FROM `crm_staff` ORDER BY `create_time` LIMIT -1,1  
ERR: 1064:You have an error in your SQL syntax; check the manual that corresponds to your MySQL server version for the right syntax to use near '-1,1' at line 1
 [ SQL语句 ] : SELECT `id`,`name`,`number`,`gender`,`post`,`id_card`,`tel`,`nation`,`entry_status`,`entry_date`,`marital_status`,`politics_status`,`education`,`create_time` FROM `crm_staff` ORDER BY `create_time` LIMIT -1,1  

[ 2017-05-15T16:39:54+08:00 ] ::1 /Index/index.html
INFO: [ app_init ] --START--
INFO: Run Behavior\BuildLiteBehavior [ RunTime:0.000000s ]
INFO: [ app_init ] --END-- [ RunTime:0.001000s ]
INFO: [ app_begin ] --START--
INFO: Run Behavior\ReadHtmlCacheBehavior [ RunTime:0.000000s ]
INFO: [ app_begin ] --END-- [ RunTime:0.000000s ]
INFO: [ view_parse ] --START--
INFO: [ template_filter ] --START--
INFO: Run Behavior\ContentReplaceBehavior [ RunTime:0.000000s ]
INFO: [ template_filter ] --END-- [ RunTime:0.000000s ]
INFO: Run Behavior\ParseTemplateBehavior [ RunTime:0.014000s ]
INFO: [ view_parse ] --END-- [ RunTime:0.014000s ]
INFO: [ view_filter ] --START--
INFO: Run Behavior\WriteHtmlCacheBehavior [ RunTime:0.000000s ]
INFO: [ view_filter ] --END-- [ RunTime:0.000000s ]
INFO: [ app_end ] --START--
INFO: Run Behavior\ShowPageTraceBehavior [ RunTime:0.000000s ]
INFO: [ app_end ] --END-- [ RunTime:0.000000s ]

[ 2017-05-15T16:39:56+08:00 ] ::1 /Home/Index/getNav
INFO: [ app_init ] --START--
INFO: Run Behavior\BuildLiteBehavior [ RunTime:0.000000s ]
INFO: [ app_init ] --END-- [ RunTime:0.000000s ]
INFO: [ app_begin ] --START--
INFO: Run Behavior\ReadHtmlCacheBehavior [ RunTime:0.000000s ]
INFO: [ app_begin ] --END-- [ RunTime:0.000000s ]
SQL: SHOW COLUMNS FROM `crm_nav` [ RunTime:0.0020s ]
SQL: SELECT `id`,`text`,`url`,`iconCls`,`nid` FROM `crm_nav`  [ RunTime:0.0000s ]

[ 2017-05-15T16:40:00+08:00 ] ::1 /Home/User/index?_=1494837595438
INFO: [ app_init ] --START--
INFO: Run Behavior\BuildLiteBehavior [ RunTime:0.000000s ]
INFO: [ app_init ] --END-- [ RunTime:0.000000s ]
INFO: [ app_begin ] --START--
INFO: Run Behavior\ReadHtmlCacheBehavior [ RunTime:0.000000s ]
INFO: [ app_begin ] --END-- [ RunTime:0.000000s ]
INFO: [ view_parse ] --START--
INFO: [ template_filter ] --START--
INFO: Run Behavior\ContentReplaceBehavior [ RunTime:0.000000s ]
INFO: [ template_filter ] --END-- [ RunTime:0.000000s ]
INFO: Run Behavior\ParseTemplateBehavior [ RunTime:0.014001s ]
INFO: [ view_parse ] --END-- [ RunTime:0.014001s ]
INFO: [ view_filter ] --START--
INFO: Run Behavior\WriteHtmlCacheBehavior [ RunTime:0.000000s ]
INFO: [ view_filter ] --END-- [ RunTime:0.000000s ]
INFO: [ app_end ] --START--
INFO: Run Behavior\ShowPageTraceBehavior [ RunTime:0.001000s ]
INFO: [ app_end ] --END-- [ RunTime:0.001000s ]

[ 2017-05-15T16:40:00+08:00 ] ::1 /Home/user/getList
INFO: [ app_init ] --START--
INFO: Run Behavior\BuildLiteBehavior [ RunTime:0.000000s ]
INFO: [ app_init ] --END-- [ RunTime:0.000000s ]
INFO: [ app_begin ] --START--
INFO: Run Behavior\ReadHtmlCacheBehavior [ RunTime:0.000000s ]
INFO: [ app_begin ] --END-- [ RunTime:0.000000s ]
SQL: SHOW COLUMNS FROM `crm_user` [ RunTime:0.0020s ]
SQL: SELECT `id`,`accounts`,`create_time`,`login_count`,`last_login_time`,`last_login_ip`,`state` FROM `crm_user` ORDER BY `create_time` DESC LIMIT 0,20   [ RunTime:0.0000s ]
SQL: SELECT COUNT(*) AS tp_count FROM `crm_user` LIMIT 1   [ RunTime:0.0000s ]

[ 2017-05-15T16:40:01+08:00 ] ::1 /Home/Staff/index?_=1494837595440
INFO: [ app_init ] --START--
INFO: Run Behavior\BuildLiteBehavior [ RunTime:0.000000s ]
INFO: [ app_init ] --END-- [ RunTime:0.000000s ]
INFO: [ app_begin ] --START--
INFO: Run Behavior\ReadHtmlCacheBehavior [ RunTime:0.000000s ]
INFO: [ app_begin ] --END-- [ RunTime:0.000000s ]
INFO: [ view_parse ] --START--
INFO: [ template_filter ] --START--
INFO: Run Behavior\ContentReplaceBehavior [ RunTime:0.000000s ]
INFO: [ template_filter ] --END-- [ RunTime:0.000000s ]
INFO: Run Behavior\ParseTemplateBehavior [ RunTime:0.004001s ]
INFO: [ view_parse ] --END-- [ RunTime:0.004001s ]
INFO: [ view_filter ] --START--
INFO: Run Behavior\WriteHtmlCacheBehavior [ RunTime:0.000000s ]
INFO: [ view_filter ] --END-- [ RunTime:0.000000s ]
INFO: [ app_end ] --START--
INFO: Run Behavior\ShowPageTraceBehavior [ RunTime:0.000000s ]
INFO: [ app_end ] --END-- [ RunTime:0.000000s ]

[ 2017-05-15T16:40:02+08:00 ] ::1 /Home/staff/getList
INFO: [ app_init ] --START--
INFO: Run Behavior\BuildLiteBehavior [ RunTime:0.000000s ]
INFO: [ app_init ] --END-- [ RunTime:0.001000s ]
INFO: [ app_begin ] --START--
INFO: Run Behavior\ReadHtmlCacheBehavior [ RunTime:0.000000s ]
INFO: [ app_begin ] --END-- [ RunTime:0.000000s ]
SQL: SHOW COLUMNS FROM `crm_staff` [ RunTime:0.0030s ]
SQL: SELECT `id`,`name`,`number`,`gender`,`post`,`id_card`,`tel`,`nation`,`entry_status`,`entry_date`,`marital_status`,`politics_status`,`education`,`create_time` FROM `crm_staff` ORDER BY `create_time` DESC LIMIT 0,20   [ RunTime:0.0000s ]
SQL: SELECT COUNT(*) AS tp_count FROM `crm_staff` LIMIT 1   [ RunTime:0.0010s ]

[ 2017-05-15T16:40:03+08:00 ] ::1 /Home/post/getAjaxList
INFO: [ app_init ] --START--
INFO: Run Behavior\BuildLiteBehavior [ RunTime:0.000000s ]
INFO: [ app_init ] --END-- [ RunTime:0.000000s ]
INFO: [ app_begin ] --START--
INFO: Run Behavior\ReadHtmlCacheBehavior [ RunTime:0.000000s ]
INFO: [ app_begin ] --END-- [ RunTime:0.000000s ]
SQL: SHOW COLUMNS FROM `crm_post` [ RunTime:0.0020s ]
SQL: SELECT `name` FROM `crm_post`  [ RunTime:0.0000s ]

[ 2017-05-15T16:40:12+08:00 ] ::1 /Home/staff/getList
INFO: [ app_init ] --START--
INFO: Run Behavior\BuildLiteBehavior [ RunTime:0.000000s ]
INFO: [ app_init ] --END-- [ RunTime:0.000000s ]
INFO: [ app_begin ] --START--
INFO: Run Behavior\ReadHtmlCacheBehavior [ RunTime:0.000000s ]
INFO: [ app_begin ] --END-- [ RunTime:0.000000s ]
SQL: SHOW COLUMNS FROM `crm_staff` [ RunTime:0.0030s ]
SQL: SELECT `id`,`name`,`number`,`gender`,`post`,`id_card`,`tel`,`nation`,`entry_status`,`entry_date`,`marital_status`,`politics_status`,`education`,`create_time` FROM `crm_staff` WHERE `post` = '总经理' ORDER BY `create_time` DESC LIMIT 0,20   [ RunTime:0.0000s ]
SQL: SELECT COUNT(*) AS tp_count FROM `crm_staff` LIMIT 1   [ RunTime:0.0010s ]

[ 2017-05-15T16:40:18+08:00 ] ::1 /Home/staff/getList
INFO: [ app_init ] --START--
INFO: Run Behavior\BuildLiteBehavior [ RunTime:0.000000s ]
INFO: [ app_init ] --END-- [ RunTime:0.001000s ]
INFO: [ app_begin ] --START--
INFO: Run Behavior\ReadHtmlCacheBehavior [ RunTime:0.000000s ]
INFO: [ app_begin ] --END-- [ RunTime:0.000000s ]
SQL: SHOW COLUMNS FROM `crm_staff` [ RunTime:0.0030s ]
SQL: SELECT `id`,`name`,`number`,`gender`,`post`,`id_card`,`tel`,`nation`,`entry_status`,`entry_date`,`marital_status`,`politics_status`,`education`,`create_time` FROM `crm_staff` ORDER BY `create_time` DESC LIMIT 0,20   [ RunTime:0.0000s ]
SQL: SELECT COUNT(*) AS tp_count FROM `crm_staff` LIMIT 1   [ RunTime:0.0000s ]

[ 2017-05-15T16:40:18+08:00 ] ::1 /Home/staff/getList
INFO: [ app_init ] --START--
INFO: Run Behavior\BuildLiteBehavior [ RunTime:0.000000s ]
INFO: [ app_init ] --END-- [ RunTime:0.000000s ]
INFO: [ app_begin ] --START--
INFO: Run Behavior\ReadHtmlCacheBehavior [ RunTime:0.000000s ]
INFO: [ app_begin ] --END-- [ RunTime:0.000000s ]
SQL: SHOW COLUMNS FROM `crm_staff` [ RunTime:0.0030s ]
SQL: SELECT `id`,`name`,`number`,`gender`,`post`,`id_card`,`tel`,`nation`,`entry_status`,`entry_date`,`marital_status`,`politics_status`,`education`,`create_time` FROM `crm_staff` ORDER BY `create_time` desc LIMIT 0,20   [ RunTime:0.0010s ]
SQL: SELECT COUNT(*) AS tp_count FROM `crm_staff` LIMIT 1   [ RunTime:0.0000s ]

[ 2017-05-15T16:43:30+08:00 ] ::1 /Index/index.html
INFO: [ app_init ] --START--
INFO: Run Behavior\BuildLiteBehavior [ RunTime:0.000000s ]
INFO: [ app_init ] --END-- [ RunTime:0.001000s ]
INFO: [ app_begin ] --START--
INFO: Run Behavior\ReadHtmlCacheBehavior [ RunTime:0.000000s ]
INFO: [ app_begin ] --END-- [ RunTime:0.000000s ]
INFO: [ view_parse ] --START--
INFO: [ template_filter ] --START--
INFO: Run Behavior\ContentReplaceBehavior [ RunTime:0.000000s ]
INFO: [ template_filter ] --END-- [ RunTime:0.000000s ]
INFO: Run Behavior\ParseTemplateBehavior [ RunTime:0.004000s ]
INFO: [ view_parse ] --END-- [ RunTime:0.004000s ]
INFO: [ view_filter ] --START--
INFO: Run Behavior\WriteHtmlCacheBehavior [ RunTime:0.000000s ]
INFO: [ view_filter ] --END-- [ RunTime:0.000000s ]
INFO: [ app_end ] --START--
INFO: Run Behavior\ShowPageTraceBehavior [ RunTime:0.000000s ]
INFO: [ app_end ] --END-- [ RunTime:0.000000s ]

[ 2017-05-15T16:43:31+08:00 ] ::1 /Home/Index/getNav
INFO: [ app_init ] --START--
INFO: Run Behavior\BuildLiteBehavior [ RunTime:0.000000s ]
INFO: [ app_init ] --END-- [ RunTime:0.000000s ]
INFO: [ app_begin ] --START--
INFO: Run Behavior\ReadHtmlCacheBehavior [ RunTime:0.001000s ]
INFO: [ app_begin ] --END-- [ RunTime:0.001000s ]
SQL: SHOW COLUMNS FROM `crm_nav` [ RunTime:0.0020s ]
SQL: SELECT `id`,`text`,`url`,`iconCls`,`nid` FROM `crm_nav`  [ RunTime:0.0000s ]

[ 2017-05-15T16:43:34+08:00 ] ::1 /Home/Staff/index?_=1494837810592
INFO: [ app_init ] --START--
INFO: Run Behavior\BuildLiteBehavior [ RunTime:0.000000s ]
INFO: [ app_init ] --END-- [ RunTime:0.000000s ]
INFO: [ app_begin ] --START--
INFO: Run Behavior\ReadHtmlCacheBehavior [ RunTime:0.001000s ]
INFO: [ app_begin ] --END-- [ RunTime:0.001000s ]
INFO: [ view_parse ] --START--
INFO: [ template_filter ] --START--
INFO: Run Behavior\ContentReplaceBehavior [ RunTime:0.000000s ]
INFO: [ template_filter ] --END-- [ RunTime:0.000000s ]
INFO: Run Behavior\ParseTemplateBehavior [ RunTime:0.003000s ]
INFO: [ view_parse ] --END-- [ RunTime:0.003000s ]
INFO: [ view_filter ] --START--
INFO: Run Behavior\WriteHtmlCacheBehavior [ RunTime:0.000000s ]
INFO: [ view_filter ] --END-- [ RunTime:0.000000s ]
INFO: [ app_end ] --START--
INFO: Run Behavior\ShowPageTraceBehavior [ RunTime:0.000000s ]
INFO: [ app_end ] --END-- [ RunTime:0.000000s ]

[ 2017-05-15T16:43:34+08:00 ] ::1 /Home/staff/getList
INFO: [ app_init ] --START--
INFO: Run Behavior\BuildLiteBehavior [ RunTime:0.000000s ]
INFO: [ app_init ] --END-- [ RunTime:0.000000s ]
INFO: [ app_begin ] --START--
INFO: Run Behavior\ReadHtmlCacheBehavior [ RunTime:0.000000s ]
INFO: [ app_begin ] --END-- [ RunTime:0.000000s ]
SQL: SHOW COLUMNS FROM `crm_staff` [ RunTime:0.0030s ]
SQL: SELECT `id`,`name`,`number`,`gender`,`post`,`id_card`,`tel`,`nation`,`entry_status`,`entry_date`,`marital_status`,`politics_status`,`education`,`create_time` FROM `crm_staff` ORDER BY `create_time` DESC LIMIT 0,20   [ RunTime:0.0000s ]
SQL: SELECT COUNT(*) AS tp_count FROM `crm_staff` LIMIT 1   [ RunTime:0.0000s ]

[ 2017-05-15T16:43:34+08:00 ] ::1 /Home/post/getAjaxList
INFO: [ app_init ] --START--
INFO: Run Behavior\BuildLiteBehavior [ RunTime:0.000000s ]
INFO: [ app_init ] --END-- [ RunTime:0.000000s ]
INFO: [ app_begin ] --START--
INFO: Run Behavior\ReadHtmlCacheBehavior [ RunTime:0.001000s ]
INFO: [ app_begin ] --END-- [ RunTime:0.001000s ]
SQL: SHOW COLUMNS FROM `crm_post` [ RunTime:0.0020s ]
SQL: SELECT `name` FROM `crm_post`  [ RunTime:0.0000s ]

[ 2017-05-15T16:43:41+08:00 ] ::1 /Home/staff/getList
INFO: [ app_init ] --START--
INFO: Run Behavior\BuildLiteBehavior [ RunTime:0.000000s ]
INFO: [ app_init ] --END-- [ RunTime:0.000000s ]
INFO: [ app_begin ] --START--
INFO: Run Behavior\ReadHtmlCacheBehavior [ RunTime:0.000000s ]
INFO: [ app_begin ] --END-- [ RunTime:0.000000s ]
SQL: SHOW COLUMNS FROM `crm_staff` [ RunTime:0.0030s ]
SQL: SELECT `id`,`name`,`number`,`gender`,`post`,`id_card`,`tel`,`nation`,`entry_status`,`entry_date`,`marital_status`,`politics_status`,`education`,`create_time` FROM `crm_staff` WHERE `post` = '销售' ORDER BY `create_time` DESC LIMIT 0,20   [ RunTime:0.0000s ]
SQL: SELECT COUNT(*) AS tp_count FROM `crm_staff` LIMIT 1   [ RunTime:0.0000s ]

[ 2017-05-15T16:43:47+08:00 ] ::1 /Home/staff/getList
INFO: [ app_init ] --START--
INFO: Run Behavior\BuildLiteBehavior [ RunTime:0.000000s ]
INFO: [ app_init ] --END-- [ RunTime:0.001000s ]
INFO: [ app_begin ] --START--
INFO: Run Behavior\ReadHtmlCacheBehavior [ RunTime:0.001000s ]
INFO: [ app_begin ] --END-- [ RunTime:0.001000s ]
SQL: SHOW COLUMNS FROM `crm_staff` [ RunTime:0.0030s ]
SQL: SELECT `id`,`name`,`number`,`gender`,`post`,`id_card`,`tel`,`nation`,`entry_status`,`entry_date`,`marital_status`,`politics_status`,`education`,`create_time` FROM `crm_staff` ORDER BY `create_time` DESC LIMIT 0,20   [ RunTime:0.0010s ]
SQL: SELECT COUNT(*) AS tp_count FROM `crm_staff` LIMIT 1   [ RunTime:0.0000s ]

[ 2017-05-15T16:43:47+08:00 ] ::1 /Home/staff/getList
INFO: [ app_init ] --START--
INFO: Run Behavior\BuildLiteBehavior [ RunTime:0.000000s ]
INFO: [ app_init ] --END-- [ RunTime:0.001000s ]
INFO: [ app_begin ] --START--
INFO: Run Behavior\ReadHtmlCacheBehavior [ RunTime:0.001000s ]
INFO: [ app_begin ] --END-- [ RunTime:0.001000s ]
SQL: SHOW COLUMNS FROM `crm_staff` [ RunTime:0.0030s ]
SQL: SELECT `id`,`name`,`number`,`gender`,`post`,`id_card`,`tel`,`nation`,`entry_status`,`entry_date`,`marital_status`,`politics_status`,`education`,`create_time` FROM `crm_staff` ORDER BY `create_time` desc LIMIT 0,20   [ RunTime:0.0010s ]
SQL: SELECT COUNT(*) AS tp_count FROM `crm_staff` LIMIT 1   [ RunTime:0.0000s ]

[ 2017-05-15T16:43:53+08:00 ] ::1 /Home/staff/getList
INFO: [ app_init ] --START--
INFO: Run Behavior\BuildLiteBehavior [ RunTime:0.000000s ]
INFO: [ app_init ] --END-- [ RunTime:0.000000s ]
INFO: [ app_begin ] --START--
INFO: Run Behavior\ReadHtmlCacheBehavior [ RunTime:0.000000s ]
INFO: [ app_begin ] --END-- [ RunTime:0.000000s ]
SQL: SHOW COLUMNS FROM `crm_staff` [ RunTime:0.0030s ]
SQL: SELECT `id`,`name`,`number`,`gender`,`post`,`id_card`,`tel`,`nation`,`entry_status`,`entry_date`,`marital_status`,`politics_status`,`education`,`create_time` FROM `crm_staff` WHERE `entry_status` = '在职' ORDER BY `create_time` desc LIMIT 0,20   [ RunTime:0.0010s ]
SQL: SELECT COUNT(*) AS tp_count FROM `crm_staff` LIMIT 1   [ RunTime:0.0000s ]

[ 2017-05-15T16:43:56+08:00 ] ::1 /Home/staff/getList
INFO: [ app_init ] --START--
INFO: Run Behavior\BuildLiteBehavior [ RunTime:0.000000s ]
INFO: [ app_init ] --END-- [ RunTime:0.001000s ]
INFO: [ app_begin ] --START--
INFO: Run Behavior\ReadHtmlCacheBehavior [ RunTime:0.001000s ]
INFO: [ app_begin ] --END-- [ RunTime:0.001000s ]
SQL: SHOW COLUMNS FROM `crm_staff` [ RunTime:0.0030s ]
SQL: SELECT `id`,`name`,`number`,`gender`,`post`,`id_card`,`tel`,`nation`,`entry_status`,`entry_date`,`marital_status`,`politics_status`,`education`,`create_time` FROM `crm_staff` ORDER BY `create_time` desc LIMIT 0,20   [ RunTime:0.0000s ]
SQL: SELECT COUNT(*) AS tp_count FROM `crm_staff` LIMIT 1   [ RunTime:0.0000s ]

[ 2017-05-15T16:43:56+08:00 ] ::1 /Home/staff/getList
INFO: [ app_init ] --START--
INFO: Run Behavior\BuildLiteBehavior [ RunTime:0.000000s ]
INFO: [ app_init ] --END-- [ RunTime:0.000000s ]
INFO: [ app_begin ] --START--
INFO: Run Behavior\ReadHtmlCacheBehavior [ RunTime:0.001000s ]
INFO: [ app_begin ] --END-- [ RunTime:0.001000s ]
SQL: SHOW COLUMNS FROM `crm_staff` [ RunTime:0.0030s ]
SQL: SELECT `id`,`name`,`number`,`gender`,`post`,`id_card`,`tel`,`nation`,`entry_status`,`entry_date`,`marital_status`,`politics_status`,`education`,`create_time` FROM `crm_staff` ORDER BY `create_time` desc LIMIT 0,20   [ RunTime:0.0000s ]
SQL: SELECT COUNT(*) AS tp_count FROM `crm_staff` LIMIT 1   [ RunTime:0.0000s ]

[ 2017-05-15T16:44:00+08:00 ] ::1 /Home/staff/getList
INFO: [ app_init ] --START--
INFO: Run Behavior\BuildLiteBehavior [ RunTime:0.000000s ]
INFO: [ app_init ] --END-- [ RunTime:0.000000s ]
INFO: [ app_begin ] --START--
INFO: Run Behavior\ReadHtmlCacheBehavior [ RunTime:0.000000s ]
INFO: [ app_begin ] --END-- [ RunTime:0.000000s ]
SQL: SHOW COLUMNS FROM `crm_staff` [ RunTime:0.0030s ]
SQL: SELECT `id`,`name`,`number`,`gender`,`post`,`id_card`,`tel`,`nation`,`entry_status`,`entry_date`,`marital_status`,`politics_status`,`education`,`create_time` FROM `crm_staff` WHERE `gender` = '男' ORDER BY `create_time` desc LIMIT 0,20   [ RunTime:0.0000s ]
SQL: SELECT COUNT(*) AS tp_count FROM `crm_staff` LIMIT 1   [ RunTime:0.0000s ]

[ 2017-05-15T16:44:25+08:00 ] ::1 /Home/staff/getList
INFO: [ app_init ] --START--
INFO: Run Behavior\BuildLiteBehavior [ RunTime:0.000000s ]
INFO: [ app_init ] --END-- [ RunTime:0.001000s ]
INFO: [ app_begin ] --START--
INFO: Run Behavior\ReadHtmlCacheBehavior [ RunTime:0.000000s ]
INFO: [ app_begin ] --END-- [ RunTime:0.000000s ]
SQL: SHOW COLUMNS FROM `crm_staff` [ RunTime:0.0030s ]
SQL: SELECT `id`,`name`,`number`,`gender`,`post`,`id_card`,`tel`,`nation`,`entry_status`,`entry_date`,`marital_status`,`politics_status`,`education`,`create_time` FROM `crm_staff` WHERE `entry_date` >= '2017-05-01' AND `gender` = '男' ORDER BY `create_time` desc LIMIT 0,20   [ RunTime:0.0000s ]
SQL: SELECT COUNT(*) AS tp_count FROM `crm_staff` LIMIT 1   [ RunTime:0.0000s ]

[ 2017-05-15T16:44:28+08:00 ] ::1 /Home/staff/getList
INFO: [ app_init ] --START--
INFO: Run Behavior\BuildLiteBehavior [ RunTime:0.000000s ]
INFO: [ app_init ] --END-- [ RunTime:0.001000s ]
INFO: [ app_begin ] --START--
INFO: Run Behavior\ReadHtmlCacheBehavior [ RunTime:0.001000s ]
INFO: [ app_begin ] --END-- [ RunTime:0.001000s ]
SQL: SHOW COLUMNS FROM `crm_staff` [ RunTime:0.0030s ]
SQL: SELECT `id`,`name`,`number`,`gender`,`post`,`id_card`,`tel`,`nation`,`entry_status`,`entry_date`,`marital_status`,`politics_status`,`education`,`create_time` FROM `crm_staff` ORDER BY `create_time` desc LIMIT 0,20   [ RunTime:0.0000s ]
SQL: SELECT COUNT(*) AS tp_count FROM `crm_staff` LIMIT 1   [ RunTime:0.0000s ]

[ 2017-05-15T16:44:28+08:00 ] ::1 /Home/staff/getList
INFO: [ app_init ] --START--
INFO: Run Behavior\BuildLiteBehavior [ RunTime:0.000000s ]
INFO: [ app_init ] --END-- [ RunTime:0.000000s ]
INFO: [ app_begin ] --START--
INFO: Run Behavior\ReadHtmlCacheBehavior [ RunTime:0.001000s ]
INFO: [ app_begin ] --END-- [ RunTime:0.001000s ]
SQL: SHOW COLUMNS FROM `crm_staff` [ RunTime:0.0030s ]
SQL: SELECT `id`,`name`,`number`,`gender`,`post`,`id_card`,`tel`,`nation`,`entry_status`,`entry_date`,`marital_status`,`politics_status`,`education`,`create_time` FROM `crm_staff` ORDER BY `create_time` desc LIMIT 0,20   [ RunTime:0.0000s ]
SQL: SELECT COUNT(*) AS tp_count FROM `crm_staff` LIMIT 1   [ RunTime:0.0000s ]

[ 2017-05-15T16:44:46+08:00 ] ::1 /Home/staff/getList
INFO: [ app_init ] --START--
INFO: Run Behavior\BuildLiteBehavior [ RunTime:0.000000s ]
INFO: [ app_init ] --END-- [ RunTime:0.000000s ]
INFO: [ app_begin ] --START--
INFO: Run Behavior\ReadHtmlCacheBehavior [ RunTime:0.000000s ]
INFO: [ app_begin ] --END-- [ RunTime:0.000000s ]
SQL: SHOW COLUMNS FROM `crm_staff` [ RunTime:0.0030s ]
SQL: SELECT `id`,`name`,`number`,`gender`,`post`,`id_card`,`tel`,`nation`,`entry_status`,`entry_date`,`marital_status`,`politics_status`,`education`,`create_time` FROM `crm_staff` WHERE `id_card` = '258469155223156984' ORDER BY `create_time` desc LIMIT 0,20   [ RunTime:0.0010s ]
SQL: SELECT COUNT(*) AS tp_count FROM `crm_staff` LIMIT 1   [ RunTime:0.0000s ]

[ 2017-05-15T16:44:49+08:00 ] ::1 /Home/staff/getList
INFO: [ app_init ] --START--
INFO: Run Behavior\BuildLiteBehavior [ RunTime:0.000000s ]
INFO: [ app_init ] --END-- [ RunTime:0.001000s ]
INFO: [ app_begin ] --START--
INFO: Run Behavior\ReadHtmlCacheBehavior [ RunTime:0.000000s ]
INFO: [ app_begin ] --END-- [ RunTime:0.001000s ]
SQL: SHOW COLUMNS FROM `crm_staff` [ RunTime:0.0030s ]
SQL: SELECT `id`,`name`,`number`,`gender`,`post`,`id_card`,`tel`,`nation`,`entry_status`,`entry_date`,`marital_status`,`politics_status`,`education`,`create_time` FROM `crm_staff` ORDER BY `create_time` desc LIMIT 0,20   [ RunTime:0.0010s ]
SQL: SELECT COUNT(*) AS tp_count FROM `crm_staff` LIMIT 1   [ RunTime:0.0000s ]

[ 2017-05-15T16:44:49+08:00 ] ::1 /Home/staff/getList
INFO: [ app_init ] --START--
INFO: Run Behavior\BuildLiteBehavior [ RunTime:0.000000s ]
INFO: [ app_init ] --END-- [ RunTime:0.001000s ]
INFO: [ app_begin ] --START--
INFO: Run Behavior\ReadHtmlCacheBehavior [ RunTime:0.000000s ]
INFO: [ app_begin ] --END-- [ RunTime:0.001000s ]
SQL: SHOW COLUMNS FROM `crm_staff` [ RunTime:0.0020s ]
SQL: SELECT `id`,`name`,`number`,`gender`,`post`,`id_card`,`tel`,`nation`,`entry_status`,`entry_date`,`marital_status`,`politics_status`,`education`,`create_time` FROM `crm_staff` ORDER BY `create_time` desc LIMIT 0,20   [ RunTime:0.0000s ]
SQL: SELECT COUNT(*) AS tp_count FROM `crm_staff` LIMIT 1   [ RunTime:0.0000s ]

[ 2017-05-15T16:44:57+08:00 ] ::1 /Home/staff/getList
INFO: [ app_init ] --START--
INFO: Run Behavior\BuildLiteBehavior [ RunTime:0.000000s ]
INFO: [ app_init ] --END-- [ RunTime:0.000000s ]
INFO: [ app_begin ] --START--
INFO: Run Behavior\ReadHtmlCacheBehavior [ RunTime:0.000000s ]
INFO: [ app_begin ] --END-- [ RunTime:0.000000s ]
SQL: SHOW COLUMNS FROM `crm_staff` [ RunTime:0.0030s ]
SQL: SELECT `id`,`name`,`number`,`gender`,`post`,`id_card`,`tel`,`nation`,`entry_status`,`entry_date`,`marital_status`,`politics_status`,`education`,`create_time` FROM `crm_staff` WHERE `nation` = '满族' ORDER BY `create_time` desc LIMIT 0,20   [ RunTime:0.0010s ]
SQL: SELECT COUNT(*) AS tp_count FROM `crm_staff` LIMIT 1   [ RunTime:0.0000s ]

[ 2017-05-15T16:45:51+08:00 ] ::1 /Home/staff/getList
INFO: [ app_init ] --START--
INFO: Run Behavior\BuildLiteBehavior [ RunTime:0.000000s ]
INFO: [ app_init ] --END-- [ RunTime:0.000000s ]
INFO: [ app_begin ] --START--
INFO: Run Behavior\ReadHtmlCacheBehavior [ RunTime:0.000000s ]
INFO: [ app_begin ] --END-- [ RunTime:0.000000s ]
SQL: SHOW COLUMNS FROM `crm_staff` [ RunTime:0.0030s ]
SQL: SELECT `id`,`name`,`number`,`gender`,`post`,`id_card`,`tel`,`nation`,`entry_status`,`entry_date`,`marital_status`,`politics_status`,`education`,`create_time` FROM `crm_staff` ORDER BY `create_time` desc LIMIT 0,20   [ RunTime:0.0000s ]
SQL: SELECT COUNT(*) AS tp_count FROM `crm_staff` LIMIT 1   [ RunTime:0.0000s ]

[ 2017-05-15T16:45:51+08:00 ] ::1 /Home/staff/getList
INFO: [ app_init ] --START--
INFO: Run Behavior\BuildLiteBehavior [ RunTime:0.000000s ]
INFO: [ app_init ] --END-- [ RunTime:0.000000s ]
INFO: [ app_begin ] --START--
INFO: Run Behavior\ReadHtmlCacheBehavior [ RunTime:0.001000s ]
INFO: [ app_begin ] --END-- [ RunTime:0.001000s ]
SQL: SHOW COLUMNS FROM `crm_staff` [ RunTime:0.0030s ]
SQL: SELECT `id`,`name`,`number`,`gender`,`post`,`id_card`,`tel`,`nation`,`entry_status`,`entry_date`,`marital_status`,`politics_status`,`education`,`create_time` FROM `crm_staff` ORDER BY `create_time` desc LIMIT 0,20   [ RunTime:0.0010s ]
SQL: SELECT COUNT(*) AS tp_count FROM `crm_staff` LIMIT 1   [ RunTime:0.0000s ]

[ 2017-05-15T16:45:55+08:00 ] ::1 /Home/staff/getList
INFO: [ app_init ] --START--
INFO: Run Behavior\BuildLiteBehavior [ RunTime:0.000000s ]
INFO: [ app_init ] --END-- [ RunTime:0.001000s ]
INFO: [ app_begin ] --START--
INFO: Run Behavior\ReadHtmlCacheBehavior [ RunTime:0.001000s ]
INFO: [ app_begin ] --END-- [ RunTime:0.001000s ]
SQL: SHOW COLUMNS FROM `crm_staff` [ RunTime:0.0030s ]
SQL: SELECT `id`,`name`,`number`,`gender`,`post`,`id_card`,`tel`,`nation`,`entry_status`,`entry_date`,`marital_status`,`politics_status`,`education`,`create_time` FROM `crm_staff` WHERE `nation` = '满族' ORDER BY `create_time` desc LIMIT 0,20   [ RunTime:0.0010s ]
SQL: SELECT COUNT(*) AS tp_count FROM `crm_staff` LIMIT 1   [ RunTime:0.0000s ]

[ 2017-05-15T16:45:59+08:00 ] ::1 /Home/staff/getList
INFO: [ app_init ] --START--
INFO: Run Behavior\BuildLiteBehavior [ RunTime:0.000000s ]
INFO: [ app_init ] --END-- [ RunTime:0.000000s ]
INFO: [ app_begin ] --START--
INFO: Run Behavior\ReadHtmlCacheBehavior [ RunTime:0.000000s ]
INFO: [ app_begin ] --END-- [ RunTime:0.000000s ]
SQL: SHOW COLUMNS FROM `crm_staff` [ RunTime:0.0030s ]
SQL: SELECT `id`,`name`,`number`,`gender`,`post`,`id_card`,`tel`,`nation`,`entry_status`,`entry_date`,`marital_status`,`politics_status`,`education`,`create_time` FROM `crm_staff` ORDER BY `create_time` desc LIMIT 0,20   [ RunTime:0.0010s ]
SQL: SELECT COUNT(*) AS tp_count FROM `crm_staff` LIMIT 1   [ RunTime:0.0000s ]

[ 2017-05-15T16:45:59+08:00 ] ::1 /Home/staff/getList
INFO: [ app_init ] --START--
INFO: Run Behavior\BuildLiteBehavior [ RunTime:0.000000s ]
INFO: [ app_init ] --END-- [ RunTime:0.000000s ]
INFO: [ app_begin ] --START--
INFO: Run Behavior\ReadHtmlCacheBehavior [ RunTime:0.000000s ]
INFO: [ app_begin ] --END-- [ RunTime:0.000000s ]
SQL: SHOW COLUMNS FROM `crm_staff` [ RunTime:0.0030s ]
SQL: SELECT `id`,`name`,`number`,`gender`,`post`,`id_card`,`tel`,`nation`,`entry_status`,`entry_date`,`marital_status`,`politics_status`,`education`,`create_time` FROM `crm_staff` ORDER BY `create_time` desc LIMIT 0,20   [ RunTime:0.0010s ]
SQL: SELECT COUNT(*) AS tp_count FROM `crm_staff` LIMIT 1   [ RunTime:0.0000s ]

[ 2017-05-15T16:46:06+08:00 ] ::1 /Home/staff/getList
INFO: [ app_init ] --START--
INFO: Run Behavior\BuildLiteBehavior [ RunTime:0.000000s ]
INFO: [ app_init ] --END-- [ RunTime:0.000000s ]
INFO: [ app_begin ] --START--
INFO: Run Behavior\ReadHtmlCacheBehavior [ RunTime:0.001000s ]
INFO: [ app_begin ] --END-- [ RunTime:0.001000s ]
SQL: SHOW COLUMNS FROM `crm_staff` [ RunTime:0.0030s ]
SQL: SELECT `id`,`name`,`number`,`gender`,`post`,`id_card`,`tel`,`nation`,`entry_status`,`entry_date`,`marital_status`,`politics_status`,`education`,`create_time` FROM `crm_staff` WHERE `marital_status` = '未婚' ORDER BY `create_time` desc LIMIT 0,20   [ RunTime:0.0000s ]
SQL: SELECT COUNT(*) AS tp_count FROM `crm_staff` LIMIT 1   [ RunTime:0.0000s ]

